Found input dictionary:  cherab_bridge_input_dict.json
Found EDGE2D pickled data:  /work/bloman/pyproc/bloman_cmg_catalog_edge2d_jet_81472_may0618_seq#3/pyproc.2ddata.pkl
Found synthetic diagnostic data file:  /work/bloman/pyproc/bloman_cmg_catalog_edge2d_jet_81472_may0618_seq#3/pyproc.proc_synth_diag.json
Found synthetic diagnostic processed data file:  /work/bloman/pyproc/bloman_cmg_catalog_edge2d_jet_81472_may0618_seq#3/pyproc.proc_synth_diag.json
ADAS dictionary restored.
importing A2_Antennas.rsm  ...
importing B_C_tiles.rsm  ...
importing DP_Tiles.rsm  ...
importing GB_Carrier_Tiles.rsm  ...
importing High Field Gap_Tiles.rsm  ...
importing ICRD.rsm  ...
importing ICRH_PL_Tiles.rsm  ...
importing IL_SC.rsm  ...
importing IWGL_Tiles.rsm  ...
importing IWP_tiles.rsm  ...
importing LBSRP_Tiles.rsm  ...
importing LHCD.rsm  ...
importing LO_SC.rsm  ...
importing Lost_Apha.rsm  ...
importing Mushroom_Tiles.rsm  ...
importing PL_tiles.rsm  ...
importing TAE.rsm  ...
importing UIWP_tiles.rsm  ...
importing UO_SC.rsm  ...
importing B_C_Structure.rsm  ...
importing Coil_Conduit.rsm  ...
importing Cooling_Manifold.rsm  ...
importing Diagnostics.rsm  ...
importing DP_Structure.rsm  ...
importing DS.rsm  ...
importing ICRH_PL_Structure.rsm  ...
importing IWGL_Structure.rsm  ...
importing IWP_structure.rsm  ...
importing KE14.rsm  ...
importing LHCD_Structure.rsm  ...
importing Mushroom_Structure.rsm  ...
importing Oct4_Glow_Discharge.rsm  ...
importing PL_Structure.rsm  ...
importing SC_Feeds.rsm  ...
importing SC_Xover.rsm  ...
importing Vessel Wall.rsm  ...
Warning! No magnetic field data available for this simulation.
Warning! No velocity field data available for this simulation.
<EDGE2D Plasma: Plasma at 0x7f570d794348>
KT3 [2.67694, -1.6319]
Render time: 70.660s (25.00% complete, 1.9k rays)
Render time: 72.656s (50.00% complete, 2.0k rays)
Render time: 74.025s (75.00% complete, 1.8k rays)
Render time: 75.476s (100.00% complete, 2.1k rays)
Radiance Pipeline - incident radiance: 0.03015 +/- 0.0004405 W/str/m^2
Render complete - time elapsed 75.476s - 0.1k rays/s
Render time: 74.015s (25.00% complete, 2.0k rays)
Render time: 76.615s (50.00% complete, 1.9k rays)
Render time: 78.097s (75.00% complete, 2.1k rays)
Radiance Pipeline - incident radiance: 0.06196 +/- 0.002777 W/str/m^2
Render complete - time elapsed 78.421s - 0.1k rays/s
Render time: 70.894s (25.00% complete, 1.9k rays)
Render time: 73.808s (50.00% complete, 1.9k rays)
Radiance Pipeline - incident radiance: 0.1199 +/- 0.001803 W/str/m^2
Render complete - time elapsed 74.741s - 0.1k rays/s
Render time: 72.622s (25.00% complete, 1.7k rays)
Render time: 73.637s (50.00% complete, 1.9k rays)
Render time: 75.358s (75.00% complete, 2.0k rays)
Render time: 76.827s (100.00% complete, 1.9k rays)
Radiance Pipeline - incident radiance: 0.09795 +/- 0.004379 W/str/m^2
Render complete - time elapsed 76.827s - 0.1k rays/s
Render time: 124.766s (25.00% complete, 1.9k rays)
Render time: 129.685s (50.00% complete, 2.0k rays)
Render time: 131.122s (75.00% complete, 1.9k rays)
Render time: 134.064s (100.00% complete, 1.9k rays)
Radiance Pipeline - incident radiance: 0.224 +/- 0.005812 W/str/m^2
Render complete - time elapsed 134.064s - 0.1k rays/s
Render time: 72.406s (25.00% complete, 2.0k rays)
Render time: 75.036s (100.00% complete, 5.6k rays)
Radiance Pipeline - incident radiance: 46.51 +/- 0.7314 W/str/m^2
Render complete - time elapsed 75.037s - 0.1k rays/s
Render time: 73.362s (25.00% complete, 1.8k rays)
Render time: 79.331s (100.00% complete, 5.9k rays)
Radiance Pipeline - incident radiance: 1.089 +/- 0.07241 W/str/m^2
Render complete - time elapsed 79.331s - 0.1k rays/s
Render time: 45.587s (25.00% complete, 1.9k rays)
Radiance Pipeline - incident radiance: 7080 +/- 110.5 W/str/m^2
Render complete - time elapsed 46.442s - 0.2k rays/s
Render time: 46.386s (25.00% complete, 1.8k rays)
Render time: 48.595s (75.00% complete, 3.9k rays)
Radiance Pipeline - incident radiance: 16.69 +/- 0.9514 W/str/m^2
Render complete - time elapsed 49.105s - 0.2k rays/s
Render time: 2499.547s (25.00% complete, 1.8k rays)
Render time: 2585.764s (50.00% complete, 2.1k rays)
Render time: 2640.188s (75.00% complete, 1.9k rays)
Render time: 2659.843s (100.00% complete, 2.1k rays)
Radiance Pipeline - incident radiance: 1.877 +/- 0.03044 W/str/m^2
Render complete - time elapsed 2659.844s - 0.0k rays/s
KT3 [2.74741, -1.65266]
Render time: 73.605s (25.00% complete, 1.8k rays)
Render time: 75.467s (50.00% complete, 1.9k rays)
Render time: 76.990s (75.00% complete, 1.8k rays)
Render time: 78.227s (100.00% complete, 1.9k rays)
Radiance Pipeline - incident radiance: 0.06248 +/- 0.0009725 W/str/m^2
Render complete - time elapsed 78.228s - 0.1k rays/s
Render time: 68.973s (25.00% complete, 1.8k rays)
Render time: 71.670s (50.00% complete, 1.8k rays)
Render time: 73.372s (100.00% complete, 3.9k rays)
Radiance Pipeline - incident radiance: 0.8447 +/- 0.0132 W/str/m^2
Render complete - time elapsed 73.373s - 0.1k rays/s
Render time: 70.292s (25.00% complete, 1.8k rays)
Render time: 74.443s (50.00% complete, 1.8k rays)
Render time: 77.138s (75.00% complete, 1.9k rays)
Render time: 82.019s (100.00% complete, 2.1k rays)
Radiance Pipeline - incident radiance: 0.2718 +/- 0.00397 W/str/m^2
Render complete - time elapsed 82.020s - 0.1k rays/s
Render time: 72.409s (25.00% complete, 1.9k rays)
Render time: 75.195s (50.00% complete, 2.0k rays)
Render time: 76.365s (75.00% complete, 1.9k rays)
Radiance Pipeline - incident radiance: 1.371 +/- 0.0217 W/str/m^2
Render complete - time elapsed 77.048s - 0.1k rays/s
Render time: 141.506s (25.00% complete, 1.9k rays)
Render time: 145.796s (50.00% complete, 1.9k rays)
Render time: 147.918s (75.00% complete, 1.8k rays)
Render time: 151.955s (100.00% complete, 1.9k rays)
Radiance Pipeline - incident radiance: 1.678 +/- 0.01967 W/str/m^2
Render complete - time elapsed 151.955s - 0.0k rays/s
Render time: 70.924s (25.00% complete, 1.8k rays)
Render time: 73.558s (50.00% complete, 2.0k rays)
Render time: 75.927s (75.00% complete, 2.0k rays)
Radiance Pipeline - incident radiance: 130.5 +/- 1.888 W/str/m^2
Render complete - time elapsed 76.184s - 0.1k rays/s
Render time: 70.650s (25.00% complete, 1.9k rays)
Render time: 72.816s (100.00% complete, 6.1k rays)
Radiance Pipeline - incident radiance: 15.56 +/- 0.2966 W/str/m^2
Render complete - time elapsed 72.817s - 0.1k rays/s
Render time: 42.237s (25.00% complete, 1.9k rays)
Render time: 43.795s (50.00% complete, 1.9k rays)
Render time: 45.446s (75.00% complete, 1.9k rays)
Radiance Pipeline - incident radiance: 3.168E+04 +/- 437.9 W/str/m^2
Render complete - time elapsed 46.034s - 0.2k rays/s
Render time: 44.104s (25.00% complete, 1.9k rays)
Render time: 45.696s (100.00% complete, 5.7k rays)
Radiance Pipeline - incident radiance: 254.9 +/- 4.865 W/str/m^2
Render complete - time elapsed 45.697s - 0.2k rays/s
Render time: 2499.557s (25.00% complete, 1.9k rays)
Render time: 2519.866s (50.00% complete, 1.9k rays)
Render time: 2565.463s (75.00% complete, 1.9k rays)
Render time: 2581.133s (100.00% complete, 1.8k rays)
Radiance Pipeline - incident radiance: 12.06 +/- 0.1187 W/str/m^2
Render complete - time elapsed 2581.133s - 0.0k rays/s
KT3 [2.57123, -1.60076]
Render time: 59.663s (25.00% complete, 1.7k rays)
Render time: 60.996s (50.00% complete, 1.8k rays)
Radiance Pipeline - incident radiance: 0.007403 +/- 0.000223 W/str/m^2
Render complete - time elapsed 61.767s - 0.1k rays/s
Render time: 62.043s (25.00% complete, 1.7k rays)
Render time: 63.049s (100.00% complete, 5.6k rays)
Radiance Pipeline - incident radiance: 0.05993 +/- 0.001582 W/str/m^2
Render complete - time elapsed 63.050s - 0.1k rays/s
Render time: 61.729s (25.00% complete, 1.8k rays)
Render time: 64.136s (75.00% complete, 3.6k rays)
Render time: 65.353s (100.00% complete, 1.7k rays)
Radiance Pipeline - incident radiance: 0.02796 +/- 0.0008594 W/str/m^2
Render complete - time elapsed 65.354s - 0.1k rays/s
Render time: 58.134s (25.00% complete, 1.8k rays)
Render time: 60.119s (50.00% complete, 1.7k rays)
Render time: 62.400s (75.00% complete, 1.9k rays)
Render time: 64.543s (100.00% complete, 1.9k rays)
Radiance Pipeline - incident radiance: 0.09454 +/- 0.001936 W/str/m^2
Render complete - time elapsed 64.543s - 0.1k rays/s
Render time: 100.954s (25.00% complete, 1.8k rays)
Render time: 106.267s (75.00% complete, 3.8k rays)
Render time: 107.388s (100.00% complete, 1.9k rays)
Radiance Pipeline - incident radiance: 0.1306 +/- 0.003238 W/str/m^2
Render complete - time elapsed 107.388s - 0.1k rays/s
Render time: 58.023s (25.00% complete, 1.8k rays)
Render time: 62.279s (50.00% complete, 1.9k rays)
Render time: 65.725s (100.00% complete, 3.7k rays)
Radiance Pipeline - incident radiance: 12.24 +/- 0.3838 W/str/m^2
Render complete - time elapsed 65.726s - 0.1k rays/s
Render time: 58.949s (25.00% complete, 1.8k rays)
Render time: 60.040s (75.00% complete, 3.5k rays)
Render time: 63.363s (100.00% complete, 2.0k rays)
Radiance Pipeline - incident radiance: 0.8455 +/- 0.02669 W/str/m^2
Render complete - time elapsed 63.364s - 0.1k rays/s
Render time: 37.060s (25.00% complete, 1.8k rays)
Render time: 40.399s (75.00% complete, 3.7k rays)
Render time: 41.465s (100.00% complete, 1.8k rays)
Radiance Pipeline - incident radiance: 1877 +/- 60.05 W/str/m^2
Render complete - time elapsed 41.466s - 0.2k rays/s
Render time: 37.904s (25.00% complete, 1.8k rays)
Render time: 39.051s (50.00% complete, 1.8k rays)
Render time: 40.504s (75.00% complete, 1.9k rays)
Radiance Pipeline - incident radiance: 13.38 +/- 0.4373 W/str/m^2
Render complete - time elapsed 41.283s - 0.2k rays/s
Render time: 1995.997s (25.00% complete, 1.8k rays)
Render time: 2009.519s (50.00% complete, 1.7k rays)
Render time: 2035.099s (75.00% complete, 1.8k rays)
Render time: 2154.309s (100.00% complete, 1.9k rays)
Radiance Pipeline - incident radiance: 1.504 +/- 0.01846 W/str/m^2
Render complete - time elapsed 2154.310s - 0.0k rays/s
KT3 [2.9236, -1.70457]
Render time: 65.543s (25.00% complete, 1.8k rays)
Render time: 67.012s (50.00% complete, 1.9k rays)
Render time: 68.016s (75.00% complete, 1.9k rays)
Render time: 69.413s (100.00% complete, 1.9k rays)
Radiance Pipeline - incident radiance: 0.01821 +/- 0.0003301 W/str/m^2
Render complete - time elapsed 69.413s - 0.1k rays/s
Render time: 65.951s (25.00% complete, 1.8k rays)
Render time: 68.872s (50.00% complete, 1.8k rays)
Render time: 70.803s (75.00% complete, 1.9k rays)
Render time: 74.149s (100.00% complete, 2.0k rays)
Radiance Pipeline - incident radiance: 0.0202 +/- 0.002289 W/str/m^2
Render complete - time elapsed 74.149s - 0.1k rays/s
Render time: 65.980s (25.00% complete, 1.7k rays)
Render time: 68.976s (75.00% complete, 3.9k rays)
Radiance Pipeline - incident radiance: 0.06936 +/- 0.00125 W/str/m^2
Render complete - time elapsed 69.786s - 0.1k rays/s
Render time: 66.159s (25.00% complete, 1.9k rays)
Render time: 67.631s (50.00% complete, 1.9k rays)
Render time: 68.789s (75.00% complete, 1.9k rays)
Radiance Pipeline - incident radiance: 0.03019 +/- 0.003005 W/str/m^2
Render complete - time elapsed 69.589s - 0.1k rays/s
Render time: 109.960s (25.00% complete, 1.8k rays)
Render time: 117.146s (50.00% complete, 1.9k rays)
Render time: 119.605s (100.00% complete, 3.9k rays)
Radiance Pipeline - incident radiance: 0.1065 +/- 0.004287 W/str/m^2
Render complete - time elapsed 119.606s - 0.1k rays/s
Render time: 68.659s (25.00% complete, 1.9k rays)
Render time: 70.382s (50.00% complete, 1.9k rays)
Radiance Pipeline - incident radiance: 23.03 +/- 0.505 W/str/m^2
Render complete - time elapsed 70.708s - 0.1k rays/s
Render time: 64.773s (25.00% complete, 1.7k rays)
Render time: 69.299s (50.00% complete, 1.9k rays)
Render time: 70.434s (75.00% complete, 1.8k rays)
Radiance Pipeline - incident radiance: 0.4025 +/- 0.05528 W/str/m^2
Render complete - time elapsed 70.622s - 0.1k rays/s
Render time: 43.592s (25.00% complete, 1.9k rays)
Render time: 46.670s (75.00% complete, 3.6k rays)
Render time: 48.075s (100.00% complete, 2.0k rays)
Radiance Pipeline - incident radiance: 2675 +/- 88.96 W/str/m^2
Render complete - time elapsed 48.076s - 0.2k rays/s
Render time: 43.806s (25.00% complete, 1.8k rays)
Render time: 44.996s (50.00% complete, 1.8k rays)
Render time: 48.116s (100.00% complete, 3.8k rays)
Radiance Pipeline - incident radiance: 6.331 +/- 0.8277 W/str/m^2
Render complete - time elapsed 48.117s - 0.2k rays/s
Render time: 2061.729s (25.00% complete, 1.7k rays)
Render time: 2132.074s (50.00% complete, 1.8k rays)
Render time: 2260.474s (75.00% complete, 1.9k rays)
Render time: 2302.620s (100.00% complete, 1.8k rays)
Radiance Pipeline - incident radiance: 0.6784 +/- 0.02855 W/str/m^2
Render complete - time elapsed 2302.620s - 0.0k rays/s
KT3 [2.69456, -1.63709]
Render time: 75.443s (25.00% complete, 1.9k rays)
Render time: 76.686s (50.00% complete, 1.8k rays)
Render time: 79.128s (75.00% complete, 1.9k rays)
Render time: 81.556s (100.00% complete, 1.9k rays)
Radiance Pipeline - incident radiance: 0.04826 +/- 0.000578 W/str/m^2
Render complete - time elapsed 81.557s - 0.1k rays/s
Render time: 73.239s (25.00% complete, 1.9k rays)
Radiance Pipeline - incident radiance: 0.08797 +/- 0.00334 W/str/m^2
Render complete - time elapsed 73.808s - 0.1k rays/s
Render time: 69.557s (25.00% complete, 1.8k rays)
Render time: 70.666s (50.00% complete, 1.9k rays)
Render time: 71.834s (100.00% complete, 3.9k rays)
Radiance Pipeline - incident radiance: 0.188 +/- 0.002292 W/str/m^2
Render complete - time elapsed 71.835s - 0.1k rays/s
Render time: 61.357s (25.00% complete, 1.7k rays)
Render time: 66.113s (50.00% complete, 1.8k rays)
Render time: 68.433s (75.00% complete, 1.9k rays)
Render time: 71.047s (100.00% complete, 1.9k rays)
Radiance Pipeline - incident radiance: 0.1408 +/- 0.005578 W/str/m^2
Render complete - time elapsed 71.048s - 0.1k rays/s
Render time: 129.645s (25.00% complete, 1.9k rays)
Render time: 133.422s (50.00% complete, 2.1k rays)
Render time: 135.672s (75.00% complete, 2.0k rays)
Render time: 137.138s (100.00% complete, 2.0k rays)
Radiance Pipeline - incident radiance: 0.3433 +/- 0.007311 W/str/m^2
Render complete - time elapsed 137.138s - 0.1k rays/s
Render time: 73.230s (25.00% complete, 1.8k rays)
Render time: 74.542s (100.00% complete, 5.8k rays)
Radiance Pipeline - incident radiance: 73.96 +/- 0.944 W/str/m^2
Render complete - time elapsed 74.542s - 0.1k rays/s
Render time: 71.863s (25.00% complete, 1.9k rays)
Render time: 74.144s (75.00% complete, 3.9k rays)
Render time: 80.257s (100.00% complete, 2.0k rays)
Radiance Pipeline - incident radiance: 1.758 +/- 0.08726 W/str/m^2
Render complete - time elapsed 80.257s - 0.1k rays/s
Render time: 46.755s (25.00% complete, 1.8k rays)
Render time: 47.833s (100.00% complete, 5.6k rays)
Radiance Pipeline - incident radiance: 1.151E+04 +/- 162.5 W/str/m^2
Render complete - time elapsed 47.833s - 0.2k rays/s
Render time: 43.224s (25.00% complete, 1.9k rays)
Render time: 44.282s (50.00% complete, 2.0k rays)
Render time: 46.881s (75.00% complete, 2.0k rays)
Radiance Pipeline - incident radiance: 24.58 +/- 1.024 W/str/m^2
Render complete - time elapsed 47.553s - 0.2k rays/s
Render time: 2456.600s (25.00% complete, 1.9k rays)
Render time: 2500.431s (50.00% complete, 1.8k rays)
Render time: 2562.589s (75.00% complete, 1.9k rays)
Render time: 2587.819s (100.00% complete, 1.9k rays)
Radiance Pipeline - incident radiance: 2.518 +/- 0.04015 W/str/m^2
Render complete - time elapsed 2587.820s - 0.0k rays/s
KT3 [2.83551, -1.67862]
Render time: 63.317s (25.00% complete, 1.7k rays)
Render time: 64.742s (75.00% complete, 3.5k rays)
Render time: 66.939s (100.00% complete, 1.9k rays)
Radiance Pipeline - incident radiance: 0.02029 +/- 0.0001718 W/str/m^2
Render complete - time elapsed 66.940s - 0.1k rays/s
Render time: 61.544s (25.00% complete, 1.9k rays)
Render time: 63.740s (50.00% complete, 1.9k rays)
Radiance Pipeline - incident radiance: 1.895 +/- 0.01375 W/str/m^2
Render complete - time elapsed 64.664s - 0.1k rays/s
Render time: 66.607s (25.00% complete, 1.8k rays)
Render time: 67.956s (50.00% complete, 2.0k rays)
Render time: 69.617s (75.00% complete, 1.9k rays)
Radiance Pipeline - incident radiance: 0.08094 +/- 0.0006912 W/str/m^2
Render complete - time elapsed 70.338s - 0.1k rays/s
Render time: 63.690s (25.00% complete, 1.9k rays)
Render time: 64.883s (75.00% complete, 4.0k rays)
Render time: 69.020s (100.00% complete, 2.0k rays)
Radiance Pipeline - incident radiance: 3.557 +/- 0.027 W/str/m^2
Render complete - time elapsed 69.021s - 0.1k rays/s
Render time: 124.097s (25.00% complete, 1.9k rays)
Render time: 127.732s (75.00% complete, 3.9k rays)
Render time: 130.592s (100.00% complete, 2.0k rays)
Radiance Pipeline - incident radiance: 3.587 +/- 0.02573 W/str/m^2
Render complete - time elapsed 130.593s - 0.1k rays/s
Render time: 68.051s (25.00% complete, 1.8k rays)
Render time: 69.070s (50.00% complete, 1.9k rays)
Render time: 72.040s (75.00% complete, 2.0k rays)
Render time: 73.503s (100.00% complete, 2.0k rays)
Radiance Pipeline - incident radiance: 28.84 +/- 0.3198 W/str/m^2
Render complete - time elapsed 73.504s - 0.1k rays/s
Render time: 64.215s (25.00% complete, 1.9k rays)
Render time: 67.388s (75.00% complete, 3.8k rays)
Render time: 70.122s (100.00% complete, 2.0k rays)
Radiance Pipeline - incident radiance: 74.84 +/- 0.6088 W/str/m^2
Render complete - time elapsed 70.123s - 0.1k rays/s
Render time: 41.043s (25.00% complete, 1.9k rays)
Render time: 43.656s (50.00% complete, 1.9k rays)
Radiance Pipeline - incident radiance: 3310 +/- 63.41 W/str/m^2
Render complete - time elapsed 44.652s - 0.2k rays/s
Render time: 42.058s (25.00% complete, 1.9k rays)
Render time: 44.077s (75.00% complete, 3.8k rays)
Render time: 45.781s (100.00% complete, 1.9k rays)
Radiance Pipeline - incident radiance: 850.1 +/- 7.05 W/str/m^2
Render complete - time elapsed 45.782s - 0.2k rays/s
Render time: 2480.227s (25.00% complete, 1.8k rays)
Render time: 2519.472s (50.00% complete, 1.8k rays)
Render time: 2576.502s (75.00% complete, 1.8k rays)
Render time: 2720.584s (100.00% complete, 1.9k rays)
Radiance Pipeline - incident radiance: 7.633 +/- 0.07568 W/str/m^2
Render complete - time elapsed 2720.584s - 0.0k rays/s
KT3 [2.78265, -1.66304]
Render time: 84.269s (25.00% complete, 2.0k rays)
Render time: 85.548s (75.00% complete, 3.9k rays)
Radiance Pipeline - incident radiance: 0.02351 +/- 0.000223 W/str/m^2
Render complete - time elapsed 85.593s - 0.1k rays/s
Render time: 71.937s (25.00% complete, 1.9k rays)
Render time: 75.151s (50.00% complete, 1.9k rays)
Render time: 76.695s (100.00% complete, 4.0k rays)
Radiance Pipeline - incident radiance: 1.383 +/- 0.00825 W/str/m^2
Render complete - time elapsed 76.695s - 0.1k rays/s
Render time: 69.410s (25.00% complete, 1.8k rays)
Render time: 73.109s (75.00% complete, 3.8k rays)
Radiance Pipeline - incident radiance: 0.09654 +/- 0.001026 W/str/m^2
Render complete - time elapsed 73.551s - 0.1k rays/s
Render time: 69.759s (25.00% complete, 1.9k rays)
Render time: 74.029s (50.00% complete, 2.0k rays)
Render time: 75.050s (100.00% complete, 4.0k rays)
Radiance Pipeline - incident radiance: 2.401 +/- 0.01344 W/str/m^2
Render complete - time elapsed 75.050s - 0.1k rays/s
Render time: 142.055s (25.00% complete, 1.9k rays)
Render time: 144.197s (50.00% complete, 1.9k rays)
Render time: 146.548s (75.00% complete, 1.8k rays)
Render time: 151.644s (100.00% complete, 2.0k rays)
Radiance Pipeline - incident radiance: 2.477 +/- 0.01393 W/str/m^2
Render complete - time elapsed 151.645s - 0.1k rays/s
Render time: 69.966s (25.00% complete, 1.9k rays)
Render time: 72.164s (50.00% complete, 1.8k rays)
Render time: 74.363s (75.00% complete, 1.9k rays)
Render time: 77.512s (100.00% complete, 2.0k rays)
Radiance Pipeline - incident radiance: 37.24 +/- 0.4496 W/str/m^2
Render complete - time elapsed 77.513s - 0.1k rays/s
Render time: 66.103s (25.00% complete, 1.8k rays)
Render time: 67.954s (50.00% complete, 1.8k rays)
Render time: 69.542s (100.00% complete, 3.8k rays)
Radiance Pipeline - incident radiance: 30.51 +/- 0.1852 W/str/m^2
Render complete - time elapsed 69.542s - 0.1k rays/s
Render time: 45.493s (25.00% complete, 1.8k rays)
Render time: 46.643s (50.00% complete, 1.8k rays)
Radiance Pipeline - incident radiance: 6039 +/- 118.1 W/str/m^2
Render complete - time elapsed 47.434s - 0.2k rays/s
Render time: 45.903s (25.00% complete, 1.8k rays)
Render time: 46.925s (100.00% complete, 5.8k rays)
Radiance Pipeline - incident radiance: 458 +/- 2.944 W/str/m^2
Render complete - time elapsed 46.925s - 0.2k rays/s
Render time: 2313.641s (25.00% complete, 1.8k rays)
Render time: 2469.781s (50.00% complete, 1.9k rays)
Render time: 2532.900s (75.00% complete, 1.9k rays)
Render time: 2601.225s (100.00% complete, 1.9k rays)
Radiance Pipeline - incident radiance: 12.72 +/- 0.09465 W/str/m^2
Render complete - time elapsed 2601.226s - 0.0k rays/s
KT3 [2.80027, -1.66823]
Render time: 60.028s (25.00% complete, 1.7k rays)
Render time: 63.096s (50.00% complete, 1.9k rays)
Render time: 67.837s (100.00% complete, 3.5k rays)
Radiance Pipeline - incident radiance: 0.02116 +/- 0.0002041 W/str/m^2
Render complete - time elapsed 67.838s - 0.1k rays/s
Render time: 69.939s (25.00% complete, 1.9k rays)
Render time: 72.515s (50.00% complete, 1.9k rays)
Render time: 74.633s (100.00% complete, 3.7k rays)
Radiance Pipeline - incident radiance: 1.207 +/- 0.008552 W/str/m^2
Render complete - time elapsed 74.633s - 0.1k rays/s
Render time: 68.255s (25.00% complete, 1.9k rays)
Render time: 70.579s (75.00% complete, 3.7k rays)
Render time: 71.837s (100.00% complete, 1.9k rays)
Radiance Pipeline - incident radiance: 0.08688 +/- 0.0008507 W/str/m^2
Render complete - time elapsed 71.837s - 0.1k rays/s
Render time: 63.634s (25.00% complete, 1.9k rays)
Render time: 68.035s (100.00% complete, 5.7k rays)
Radiance Pipeline - incident radiance: 2.133 +/- 0.01782 W/str/m^2
Render complete - time elapsed 68.036s - 0.1k rays/s
Render time: 121.965s (25.00% complete, 1.8k rays)
Render time: 123.722s (50.00% complete, 1.8k rays)
Radiance Pipeline - incident radiance: 2.216 +/- 0.02256 W/str/m^2
Render complete - time elapsed 124.672s - 0.1k rays/s
Render time: 61.057s (25.00% complete, 1.7k rays)
Render time: 65.198s (50.00% complete, 1.8k rays)
Render time: 68.633s (75.00% complete, 1.8k rays)
Render time: 69.909s (100.00% complete, 1.9k rays)
Radiance Pipeline - incident radiance: 31.66 +/- 0.4275 W/str/m^2
Render complete - time elapsed 69.909s - 0.1k rays/s
Render time: 61.288s (25.00% complete, 1.8k rays)
Render time: 63.467s (50.00% complete, 1.8k rays)
Render time: 65.631s (75.00% complete, 1.9k rays)
Render time: 68.197s (100.00% complete, 1.9k rays)
Radiance Pipeline - incident radiance: 29.02 +/- 0.3518 W/str/m^2
Render complete - time elapsed 68.197s - 0.1k rays/s
Render time: 39.876s (25.00% complete, 1.7k rays)
Render time: 41.612s (75.00% complete, 3.8k rays)
Render time: 42.688s (100.00% complete, 2.0k rays)
Radiance Pipeline - incident radiance: 4168 +/- 74.32 W/str/m^2
Render complete - time elapsed 42.689s - 0.2k rays/s
Render time: 43.180s (25.00% complete, 1.8k rays)
Render time: 44.865s (50.00% complete, 1.8k rays)
Render time: 46.894s (100.00% complete, 3.7k rays)
Radiance Pipeline - incident radiance: 395 +/- 4.41 W/str/m^2
Render complete - time elapsed 46.895s - 0.2k rays/s
Render time: 2413.372s (25.00% complete, 1.9k rays)
Render time: 2481.380s (50.00% complete, 1.9k rays)
Render time: 2665.201s (75.00% complete, 1.9k rays)
Radiance Pipeline - incident radiance: 9.241 +/- 0.0777 W/str/m^2
Render complete - time elapsed 2665.902s - 0.0k rays/s
KT3 [2.60647, -1.61114]
Render time: 70.148s (25.00% complete, 2.0k rays)
Render time: 71.939s (50.00% complete, 2.0k rays)
Render time: 73.947s (100.00% complete, 3.8k rays)
Radiance Pipeline - incident radiance: 0.01559 +/- 0.0003192 W/str/m^2
Render complete - time elapsed 73.947s - 0.1k rays/s
Render time: 72.247s (25.00% complete, 1.8k rays)
Render time: 73.602s (75.00% complete, 3.8k rays)
Render time: 76.060s (100.00% complete, 1.9k rays)
Radiance Pipeline - incident radiance: 0.04978 +/- 0.0015 W/str/m^2
Render complete - time elapsed 76.061s - 0.1k rays/s
Render time: 66.413s (25.00% complete, 1.8k rays)
Render time: 67.614s (50.00% complete, 1.9k rays)
Render time: 72.030s (75.00% complete, 2.0k rays)
Radiance Pipeline - incident radiance: 0.05875 +/- 0.001155 W/str/m^2
Render complete - time elapsed 72.759s - 0.1k rays/s
Render time: 68.359s (25.00% complete, 1.7k rays)
Render time: 73.704s (50.00% complete, 2.0k rays)
Render time: 76.862s (75.00% complete, 2.0k rays)
Radiance Pipeline - incident radiance: 0.08675 +/- 0.003033 W/str/m^2
Render complete - time elapsed 77.431s - 0.1k rays/s
Render time: 124.267s (25.00% complete, 1.9k rays)
Render time: 125.906s (50.00% complete, 1.9k rays)
Render time: 133.957s (100.00% complete, 4.2k rays)
Radiance Pipeline - incident radiance: 0.1594 +/- 0.004292 W/str/m^2
Render complete - time elapsed 133.958s - 0.1k rays/s
Render time: 70.224s (25.00% complete, 1.8k rays)
Render time: 73.761s (50.00% complete, 2.0k rays)
Render time: 76.539s (100.00% complete, 4.0k rays)
Radiance Pipeline - incident radiance: 24.33 +/- 0.4577 W/str/m^2
Render complete - time elapsed 76.540s - 0.1k rays/s
Render time: 71.640s (25.00% complete, 1.8k rays)
Render time: 77.021s (50.00% complete, 2.0k rays)
Render time: 78.205s (100.00% complete, 4.0k rays)
Radiance Pipeline - incident radiance: 0.7927 +/- 0.03822 W/str/m^2
Render complete - time elapsed 78.206s - 0.1k rays/s
Render time: 44.034s (25.00% complete, 1.8k rays)
Render time: 45.180s (75.00% complete, 3.8k rays)
Render time: 47.988s (100.00% complete, 2.0k rays)
Radiance Pipeline - incident radiance: 3895 +/- 73.21 W/str/m^2
Render complete - time elapsed 47.989s - 0.2k rays/s
Render time: 42.038s (25.00% complete, 1.8k rays)
Render time: 45.245s (75.00% complete, 4.0k rays)
Radiance Pipeline - incident radiance: 13.11 +/- 0.6672 W/str/m^2
Render complete - time elapsed 45.332s - 0.2k rays/s
Render time: 2491.121s (25.00% complete, 1.9k rays)
Render time: 2574.495s (50.00% complete, 2.0k rays)
Render time: 2578.760s (75.00% complete, 1.8k rays)
Render time: 2793.274s (100.00% complete, 2.1k rays)
Radiance Pipeline - incident radiance: 1.622 +/- 0.02263 W/str/m^2
Render complete - time elapsed 2793.274s - 0.0k rays/s
KT3 [2.71218, -1.64228]
Render time: 82.422s (25.00% complete, 1.8k rays)
Render time: 84.203s (100.00% complete, 5.7k rays)
Radiance Pipeline - incident radiance: 0.06833 +/- 0.0005673 W/str/m^2
Render complete - time elapsed 84.204s - 0.1k rays/s
Render time: 71.608s (25.00% complete, 1.8k rays)
Render time: 73.069s (75.00% complete, 3.7k rays)
Render time: 74.457s (100.00% complete, 2.0k rays)
Radiance Pipeline - incident radiance: 0.1505 +/- 0.004212 W/str/m^2
Render complete - time elapsed 74.458s - 0.1k rays/s
Render time: 71.764s (25.00% complete, 1.9k rays)
Render time: 73.812s (75.00% complete, 3.8k rays)
Render time: 78.299s (100.00% complete, 2.1k rays)
Radiance Pipeline - incident radiance: 0.2788 +/- 0.002323 W/str/m^2
Render complete - time elapsed 78.300s - 0.1k rays/s
Render time: 70.866s (25.00% complete, 1.9k rays)
Render time: 73.084s (50.00% complete, 2.0k rays)
Render time: 75.531s (75.00% complete, 1.9k rays)
Render time: 77.625s (100.00% complete, 1.9k rays)
Radiance Pipeline - incident radiance: 0.2511 +/- 0.007224 W/str/m^2
Render complete - time elapsed 77.626s - 0.1k rays/s
Render time: 130.718s (25.00% complete, 1.8k rays)
Render time: 133.223s (50.00% complete, 1.9k rays)
Render time: 138.453s (75.00% complete, 1.9k rays)
Radiance Pipeline - incident radiance: 0.5388 +/- 0.00895 W/str/m^2
Render complete - time elapsed 138.850s - 0.1k rays/s
Render time: 71.066s (25.00% complete, 1.8k rays)
Render time: 72.303s (50.00% complete, 2.0k rays)
Render time: 75.051s (75.00% complete, 1.9k rays)
Render time: 78.791s (100.00% complete, 2.1k rays)
Radiance Pipeline - incident radiance: 119.2 +/- 1.127 W/str/m^2
Render complete - time elapsed 78.792s - 0.1k rays/s
Render time: 74.282s (25.00% complete, 1.7k rays)
Render time: 76.003s (75.00% complete, 3.8k rays)
Render time: 79.783s (100.00% complete, 2.1k rays)
Radiance Pipeline - incident radiance: 2.734 +/- 0.1009 W/str/m^2
Render complete - time elapsed 79.784s - 0.1k rays/s
Render time: 47.908s (25.00% complete, 2.0k rays)
Render time: 49.370s (75.00% complete, 3.9k rays)
Radiance Pipeline - incident radiance: 2.007E+04 +/- 237.6 W/str/m^2
Render complete - time elapsed 49.581s - 0.2k rays/s
Render time: 43.696s (25.00% complete, 2.0k rays)
Render time: 46.290s (50.00% complete, 1.8k rays)
Render time: 47.553s (75.00% complete, 2.0k rays)
Radiance Pipeline - incident radiance: 41.81 +/- 1.407 W/str/m^2
Render complete - time elapsed 48.467s - 0.2k rays/s
Render time: 2564.537s (25.00% complete, 2.0k rays)
Render time: 2663.851s (50.00% complete, 2.1k rays)
Render time: 2753.469s (75.00% complete, 2.0k rays)
Render time: 2910.830s (100.00% complete, 2.0k rays)
Radiance Pipeline - incident radiance: 4.037 +/- 0.05838 W/str/m^2
Render complete - time elapsed 2910.830s - 0.0k rays/s
KT3 [2.90598, -1.69938]
Render time: 72.756s (25.00% complete, 1.8k rays)
Render time: 75.145s (50.00% complete, 1.9k rays)
Render time: 76.471s (75.00% complete, 1.9k rays)
Radiance Pipeline - incident radiance: 0.02066 +/- 0.0003142 W/str/m^2
Render complete - time elapsed 76.841s - 0.1k rays/s
Render time: 69.705s (25.00% complete, 1.8k rays)
Render time: 75.649s (75.00% complete, 3.7k rays)
Radiance Pipeline - incident radiance: 0.027 +/- 0.002368 W/str/m^2
Render complete - time elapsed 75.737s - 0.1k rays/s
Render time: 66.236s (25.00% complete, 1.9k rays)
Render time: 70.773s (50.00% complete, 1.8k rays)
Render time: 75.142s (100.00% complete, 3.8k rays)
Radiance Pipeline - incident radiance: 0.08229 +/- 0.001246 W/str/m^2
Render complete - time elapsed 75.143s - 0.1k rays/s
Render time: 67.539s (25.00% complete, 1.7k rays)
Render time: 71.491s (50.00% complete, 1.8k rays)
Render time: 72.995s (75.00% complete, 1.9k rays)
Radiance Pipeline - incident radiance: 0.04092 +/- 0.003803 W/str/m^2
Render complete - time elapsed 73.115s - 0.1k rays/s
Render time: 119.231s (25.00% complete, 1.8k rays)
Render time: 120.940s (50.00% complete, 1.9k rays)
Render time: 122.354s (75.00% complete, 1.9k rays)
Radiance Pipeline - incident radiance: 0.1154 +/- 0.003846 W/str/m^2
Render complete - time elapsed 122.904s - 0.1k rays/s
Render time: 65.420s (25.00% complete, 1.8k rays)
Render time: 67.367s (50.00% complete, 1.8k rays)
Render time: 70.464s (75.00% complete, 1.8k rays)
Radiance Pipeline - incident radiance: 26.31 +/- 0.5208 W/str/m^2
Render complete - time elapsed 71.346s - 0.1k rays/s
Render time: 70.693s (25.00% complete, 1.8k rays)
Render time: 72.886s (75.00% complete, 3.7k rays)
Radiance Pipeline - incident radiance: 0.5058 +/- 0.05651 W/str/m^2
Render complete - time elapsed 73.745s - 0.1k rays/s
Render time: 43.599s (25.00% complete, 1.9k rays)
Render time: 44.648s (75.00% complete, 3.7k rays)
Radiance Pipeline - incident radiance: 3319 +/- 101.2 W/str/m^2
Render complete - time elapsed 45.062s - 0.2k rays/s
Render time: 42.913s (25.00% complete, 1.7k rays)
Render time: 45.060s (50.00% complete, 1.8k rays)
Render time: 46.503s (75.00% complete, 2.0k rays)
Radiance Pipeline - incident radiance: 7.456 +/- 0.7412 W/str/m^2
Render complete - time elapsed 47.470s - 0.2k rays/s
Render time: 2220.667s (25.00% complete, 1.8k rays)
Render time: 2299.888s (50.00% complete, 1.8k rays)
Render time: 2303.456s (75.00% complete, 1.8k rays)
Render time: 2424.404s (100.00% complete, 1.9k rays)
Radiance Pipeline - incident radiance: 0.7815 +/- 0.03158 W/str/m^2
Render complete - time elapsed 2424.404s - 0.0k rays/s
KT3 [2.72979, -1.64747]
Render time: 75.988s (25.00% complete, 1.8k rays)
Render time: 77.223s (75.00% complete, 3.8k rays)
Radiance Pipeline - incident radiance: 0.08509 +/- 0.0006187 W/str/m^2
Render complete - time elapsed 77.846s - 0.1k rays/s
Render time: 76.038s (25.00% complete, 1.8k rays)
Render time: 78.968s (50.00% complete, 1.9k rays)
Render time: 80.644s (75.00% complete, 1.9k rays)
Render time: 83.571s (100.00% complete, 2.1k rays)
Radiance Pipeline - incident radiance: 0.3472 +/- 0.007356 W/str/m^2
Render complete - time elapsed 83.572s - 0.1k rays/s
Render time: 73.978s (25.00% complete, 1.8k rays)
Render time: 78.108s (50.00% complete, 1.8k rays)
Render time: 79.541s (75.00% complete, 1.9k rays)
Render time: 83.077s (100.00% complete, 1.9k rays)
Radiance Pipeline - incident radiance: 0.348 +/- 0.002686 W/str/m^2
Render complete - time elapsed 83.077s - 0.1k rays/s
Render time: 80.290s (25.00% complete, 1.9k rays)
Render time: 83.418s (50.00% complete, 1.9k rays)
Render time: 85.693s (75.00% complete, 2.1k rays)
Radiance Pipeline - incident radiance: 0.5662 +/- 0.0125 W/str/m^2
Render complete - time elapsed 86.463s - 0.1k rays/s
Render time: 144.520s (25.00% complete, 1.8k rays)
Render time: 151.704s (50.00% complete, 2.0k rays)
Render time: 152.851s (75.00% complete, 2.1k rays)
Render time: 154.395s (100.00% complete, 1.9k rays)
Radiance Pipeline - incident radiance: 0.9359 +/- 0.01337 W/str/m^2
Render complete - time elapsed 154.396s - 0.1k rays/s
Render time: 69.701s (25.00% complete, 1.9k rays)
Render time: 71.873s (75.00% complete, 4.0k rays)
Render time: 75.178s (100.00% complete, 2.1k rays)
Radiance Pipeline - incident radiance: 162.8 +/- 1.373 W/str/m^2
Render complete - time elapsed 75.178s - 0.1k rays/s
Render time: 68.626s (25.00% complete, 1.8k rays)
Render time: 70.071s (50.00% complete, 1.8k rays)
Render time: 74.539s (100.00% complete, 3.8k rays)
Radiance Pipeline - incident radiance: 5.539 +/- 0.1466 W/str/m^2
Render complete - time elapsed 74.540s - 0.1k rays/s
Render time: 45.418s (25.00% complete, 2.0k rays)
Render time: 46.980s (75.00% complete, 4.0k rays)
Render time: 49.667s (100.00% complete, 2.2k rays)
Radiance Pipeline - incident radiance: 3.304E+04 +/- 354.7 W/str/m^2
Render complete - time elapsed 49.668s - 0.2k rays/s
Render time: 44.964s (25.00% complete, 2.0k rays)
Render time: 46.573s (50.00% complete, 2.0k rays)
Render time: 48.259s (75.00% complete, 1.9k rays)
Radiance Pipeline - incident radiance: 93.8 +/- 2.318 W/str/m^2
Render complete - time elapsed 48.981s - 0.2k rays/s
Render time: 2554.105s (25.00% complete, 1.8k rays)
Render time: 2637.388s (50.00% complete, 1.9k rays)
Render time: 2663.472s (75.00% complete, 1.9k rays)
Render time: 2924.536s (100.00% complete, 2.0k rays)
Radiance Pipeline - incident radiance: 7.097 +/- 0.09388 W/str/m^2
Render complete - time elapsed 2924.537s - 0.0k rays/s
KT3 [2.87074, -1.689]
Render time: 75.706s (25.00% complete, 1.8k rays)
Render time: 77.810s (50.00% complete, 1.8k rays)
Render time: 79.470s (75.00% complete, 1.7k rays)
Radiance Pipeline - incident radiance: 0.02173 +/- 0.0003368 W/str/m^2
Render complete - time elapsed 79.741s - 0.1k rays/s
Render time: 73.779s (25.00% complete, 1.7k rays)
Render time: 75.729s (75.00% complete, 3.6k rays)
Radiance Pipeline - incident radiance: 0.4056 +/- 0.01794 W/str/m^2
Render complete - time elapsed 76.566s - 0.1k rays/s
Render time: 62.656s (25.00% complete, 1.6k rays)
Render time: 67.844s (50.00% complete, 1.8k rays)
Render time: 69.116s (75.00% complete, 1.8k rays)
Radiance Pipeline - incident radiance: 0.09062 +/- 0.001568 W/str/m^2
Render complete - time elapsed 69.547s - 0.1k rays/s
Render time: 67.892s (25.00% complete, 1.9k rays)
Render time: 70.781s (75.00% complete, 3.5k rays)
Radiance Pipeline - incident radiance: 0.8133 +/- 0.03567 W/str/m^2
Render complete - time elapsed 71.522s - 0.1k rays/s
Render time: 117.669s (25.00% complete, 1.7k rays)
Render time: 123.323s (50.00% complete, 1.8k rays)
Render time: 125.555s (75.00% complete, 1.9k rays)
Radiance Pipeline - incident radiance: 0.9136 +/- 0.03582 W/str/m^2
Render complete - time elapsed 126.106s - 0.1k rays/s
Render time: 67.506s (25.00% complete, 1.7k rays)
Render time: 69.659s (50.00% complete, 1.8k rays)
Radiance Pipeline - incident radiance: 32.63 +/- 0.7212 W/str/m^2
Render complete - time elapsed 70.550s - 0.1k rays/s
Render time: 67.811s (25.00% complete, 1.8k rays)
Render time: 69.313s (50.00% complete, 1.8k rays)
Render time: 72.698s (75.00% complete, 1.8k rays)
Render time: 74.880s (100.00% complete, 1.9k rays)
Radiance Pipeline - incident radiance: 18.57 +/- 0.8473 W/str/m^2
Render complete - time elapsed 74.881s - 0.1k rays/s
Render time: 45.347s (25.00% complete, 1.9k rays)
Render time: 47.628s (100.00% complete, 5.5k rays)
Radiance Pipeline - incident radiance: 4417 +/- 134.4 W/str/m^2
Render complete - time elapsed 47.629s - 0.2k rays/s
Render time: 45.133s (25.00% complete, 1.7k rays)
Render time: 46.235s (75.00% complete, 3.6k rays)
Render time: 49.306s (100.00% complete, 2.0k rays)
Radiance Pipeline - incident radiance: 194.2 +/- 8.649 W/str/m^2
Render complete - time elapsed 49.307s - 0.1k rays/s
Render time: 2228.753s (25.00% complete, 1.8k rays)
Render time: 2361.489s (50.00% complete, 1.8k rays)
Render time: 2447.054s (75.00% complete, 1.8k rays)
Render time: 2632.801s (100.00% complete, 2.0k rays)
Radiance Pipeline - incident radiance: 2.305 +/- 0.06747 W/str/m^2
Render complete - time elapsed 2632.802s - 0.0k rays/s
KT3 [2.85312, -1.68381]
Render time: 65.401s (25.00% complete, 1.9k rays)
Render time: 68.504s (50.00% complete, 1.9k rays)
Render time: 70.246s (75.00% complete, 1.9k rays)
Radiance Pipeline - incident radiance: 0.02042 +/- 0.0002438 W/str/m^2
Render complete - time elapsed 70.796s - 0.1k rays/s
Render time: 71.933s (25.00% complete, 1.8k rays)
Render time: 74.360s (50.00% complete, 1.9k rays)
Render time: 76.900s (75.00% complete, 1.9k rays)
Render time: 78.702s (100.00% complete, 2.2k rays)
Radiance Pipeline - incident radiance: 1.353 +/- 0.02148 W/str/m^2
Render complete - time elapsed 78.702s - 0.1k rays/s
Render time: 70.586s (25.00% complete, 1.9k rays)
Render time: 71.629s (50.00% complete, 1.9k rays)
Radiance Pipeline - incident radiance: 0.08263 +/- 0.001207 W/str/m^2
Render complete - time elapsed 72.491s - 0.1k rays/s
Render time: 64.285s (25.00% complete, 1.8k rays)
Render time: 66.523s (50.00% complete, 1.9k rays)
Render time: 67.988s (75.00% complete, 2.0k rays)
Render time: 70.716s (100.00% complete, 2.1k rays)
Radiance Pipeline - incident radiance: 2.685 +/- 0.04004 W/str/m^2
Render complete - time elapsed 70.717s - 0.1k rays/s
Render time: 119.384s (25.00% complete, 1.8k rays)
Render time: 123.470s (50.00% complete, 1.9k rays)
Render time: 125.642s (75.00% complete, 1.9k rays)
Render time: 126.966s (100.00% complete, 1.9k rays)
Radiance Pipeline - incident radiance: 2.786 +/- 0.03864 W/str/m^2
Render complete - time elapsed 126.967s - 0.1k rays/s
Render time: 65.817s (25.00% complete, 1.8k rays)
Render time: 68.051s (75.00% complete, 3.7k rays)
Render time: 72.039s (100.00% complete, 1.9k rays)
Radiance Pipeline - incident radiance: 28.17 +/- 0.5029 W/str/m^2
Render complete - time elapsed 72.039s - 0.1k rays/s
Render time: 70.828s (25.00% complete, 2.0k rays)
Render time: 72.385s (50.00% complete, 2.0k rays)
Render time: 75.735s (75.00% complete, 2.1k rays)
Render time: 78.962s (100.00% complete, 2.2k rays)
Radiance Pipeline - incident radiance: 60.99 +/- 0.8798 W/str/m^2
Render complete - time elapsed 78.962s - 0.1k rays/s
Render time: 45.219s (25.00% complete, 1.8k rays)
Render time: 47.663s (50.00% complete, 1.9k rays)
Render time: 48.748s (75.00% complete, 2.0k rays)
Radiance Pipeline - incident radiance: 3717 +/- 113.4 W/str/m^2
Render complete - time elapsed 49.185s - 0.2k rays/s
Render time: 44.735s (25.00% complete, 2.0k rays)
Render time: 47.421s (75.00% complete, 4.1k rays)
Radiance Pipeline - incident radiance: 665.8 +/- 9.788 W/str/m^2
Render complete - time elapsed 48.088s - 0.2k rays/s
Render time: 2452.038s (25.00% complete, 1.9k rays)
Render time: 2489.962s (50.00% complete, 1.9k rays)
Render time: 2546.654s (75.00% complete, 1.8k rays)
Render time: 2560.281s (100.00% complete, 1.9k rays)
Radiance Pipeline - incident radiance: 4.884 +/- 0.08892 W/str/m^2
Render complete - time elapsed 2560.282s - 0.0k rays/s
KT3 [2.81789, -1.67343]
Render time: 58.749s (25.00% complete, 1.7k rays)
Render time: 62.248s (50.00% complete, 1.8k rays)
Render time: 66.103s (100.00% complete, 3.7k rays)
Radiance Pipeline - incident radiance: 0.02051 +/- 0.0002111 W/str/m^2
Render complete - time elapsed 66.104s - 0.1k rays/s
Render time: 57.926s (25.00% complete, 1.9k rays)
Render time: 63.745s (75.00% complete, 3.7k rays)
Radiance Pipeline - incident radiance: 1.511 +/- 0.01593 W/str/m^2
Render complete - time elapsed 64.481s - 0.1k rays/s
Render time: 58.446s (25.00% complete, 1.8k rays)
Render time: 60.840s (50.00% complete, 1.8k rays)
Radiance Pipeline - incident radiance: 0.08048 +/- 0.0008766 W/str/m^2
Render complete - time elapsed 61.697s - 0.1k rays/s
Render time: 58.527s (25.00% complete, 1.8k rays)
Render time: 59.951s (75.00% complete, 3.5k rays)
Render time: 61.675s (100.00% complete, 1.9k rays)
Radiance Pipeline - incident radiance: 2.705 +/- 0.03081 W/str/m^2
Render complete - time elapsed 61.675s - 0.1k rays/s
Render time: 117.704s (25.00% complete, 1.6k rays)
Render time: 120.252s (100.00% complete, 5.3k rays)
Radiance Pipeline - incident radiance: 2.816 +/- 0.03164 W/str/m^2
Render complete - time elapsed 120.252s - 0.1k rays/s
Render time: 59.175s (25.00% complete, 1.8k rays)
Render time: 60.287s (75.00% complete, 3.6k rays)
Radiance Pipeline - incident radiance: 27.88 +/- 0.2993 W/str/m^2
Render complete - time elapsed 60.815s - 0.1k rays/s
Render time: 57.997s (25.00% complete, 1.8k rays)
Render time: 60.927s (75.00% complete, 3.7k rays)
Render time: 62.926s (100.00% complete, 2.0k rays)
Radiance Pipeline - incident radiance: 47.62 +/- 0.7764 W/str/m^2
Render complete - time elapsed 62.927s - 0.1k rays/s
Render time: 39.111s (25.00% complete, 1.8k rays)
Radiance Pipeline - incident radiance: 3399 +/- 68.87 W/str/m^2
Render complete - time elapsed 40.018s - 0.2k rays/s
Render time: 37.300s (25.00% complete, 1.7k rays)
Render time: 38.331s (50.00% complete, 1.7k rays)
Render time: 39.546s (100.00% complete, 3.5k rays)
Radiance Pipeline - incident radiance: 578.4 +/- 8.685 W/str/m^2
Render complete - time elapsed 39.547s - 0.2k rays/s
Render time: 2376.613s (25.00% complete, 1.8k rays)
Render time: 2379.572s (50.00% complete, 1.8k rays)
Render time: 2534.120s (75.00% complete, 1.8k rays)
Render time: 2560.509s (100.00% complete, 2.0k rays)
Radiance Pipeline - incident radiance: 8.052 +/- 0.06344 W/str/m^2
Render complete - time elapsed 2560.510s - 0.0k rays/s
KT3 [2.88836, -1.69419]
Render time: 66.296s (25.00% complete, 1.7k rays)
Render time: 69.755s (50.00% complete, 1.9k rays)
Render time: 71.133s (75.00% complete, 1.8k rays)
Render time: 73.330s (100.00% complete, 2.0k rays)
Radiance Pipeline - incident radiance: 0.02355 +/- 0.0003718 W/str/m^2
Render complete - time elapsed 73.331s - 0.1k rays/s
Render time: 66.879s (25.00% complete, 1.8k rays)
Render time: 69.386s (75.00% complete, 3.6k rays)
Render time: 71.643s (100.00% complete, 1.9k rays)
Radiance Pipeline - incident radiance: 0.0433 +/- 0.003019 W/str/m^2
Render complete - time elapsed 71.644s - 0.1k rays/s
Render time: 65.519s (25.00% complete, 1.7k rays)
Render time: 70.118s (50.00% complete, 1.7k rays)
Render time: 71.842s (100.00% complete, 3.8k rays)
Radiance Pipeline - incident radiance: 0.09244 +/- 0.001533 W/str/m^2
Render complete - time elapsed 71.843s - 0.1k rays/s
Render time: 63.991s (25.00% complete, 1.7k rays)
Render time: 70.928s (50.00% complete, 1.8k rays)
Render time: 72.443s (100.00% complete, 3.7k rays)
Radiance Pipeline - incident radiance: 0.07789 +/- 0.005833 W/str/m^2
Render complete - time elapsed 72.444s - 0.1k rays/s
Render time: 119.926s (25.00% complete, 1.9k rays)
Render time: 122.529s (50.00% complete, 1.8k rays)
Render time: 128.325s (100.00% complete, 3.7k rays)
Radiance Pipeline - incident radiance: 0.1722 +/- 0.006293 W/str/m^2
Render complete - time elapsed 128.326s - 0.1k rays/s
Render time: 67.820s (25.00% complete, 1.8k rays)
Render time: 72.411s (75.00% complete, 3.9k rays)
Render time: 77.489s (100.00% complete, 2.1k rays)
Radiance Pipeline - incident radiance: 31.66 +/- 0.6105 W/str/m^2
Render complete - time elapsed 77.490s - 0.1k rays/s
Render time: 66.207s (25.00% complete, 1.8k rays)
Render time: 69.814s (50.00% complete, 1.8k rays)
Render time: 73.308s (100.00% complete, 3.8k rays)
Radiance Pipeline - incident radiance: 0.9015 +/- 0.1213 W/str/m^2
Render complete - time elapsed 73.309s - 0.1k rays/s
Render time: 42.732s (25.00% complete, 2.0k rays)
Render time: 43.803s (50.00% complete, 1.8k rays)
Render time: 45.823s (100.00% complete, 4.0k rays)
Radiance Pipeline - incident radiance: 4236 +/- 118.8 W/str/m^2
Render complete - time elapsed 45.824s - 0.2k rays/s
Render time: 43.008s (25.00% complete, 1.7k rays)
Render time: 44.890s (50.00% complete, 1.8k rays)
Render time: 45.906s (75.00% complete, 1.8k rays)
Radiance Pipeline - incident radiance: 14.75 +/- 1.484 W/str/m^2
Render complete - time elapsed 46.843s - 0.2k rays/s
Render time: 2027.874s (25.00% complete, 1.6k rays)
Render time: 2260.780s (50.00% complete, 1.8k rays)
Render time: 2359.270s (75.00% complete, 1.9k rays)
Render time: 2362.980s (100.00% complete, 1.9k rays)
Radiance Pipeline - incident radiance: 1.105 +/- 0.04154 W/str/m^2
Render complete - time elapsed 2362.981s - 0.0k rays/s
KT3 [2.76503, -1.65785]
Render time: 67.774s (25.00% complete, 1.8k rays)
Render time: 69.187s (75.00% complete, 3.8k rays)
Radiance Pipeline - incident radiance: 0.03228 +/- 0.0004602 W/str/m^2
Render complete - time elapsed 70.100s - 0.1k rays/s
Render time: 60.647s (25.00% complete, 1.7k rays)
Render time: 65.079s (50.00% complete, 1.9k rays)
Render time: 67.214s (100.00% complete, 3.7k rays)
Radiance Pipeline - incident radiance: 1.339 +/- 0.01015 W/str/m^2
Render complete - time elapsed 67.214s - 0.1k rays/s
Render time: 67.297s (25.00% complete, 1.8k rays)
Render time: 71.047s (100.00% complete, 5.9k rays)
Radiance Pipeline - incident radiance: 0.1301 +/- 0.001899 W/str/m^2
Render complete - time elapsed 71.047s - 0.1k rays/s
Render time: 64.169s (25.00% complete, 1.8k rays)
Render time: 70.012s (50.00% complete, 2.0k rays)
Render time: 71.400s (75.00% complete, 1.9k rays)
Radiance Pipeline - incident radiance: 2.293 +/- 0.01728 W/str/m^2
Render complete - time elapsed 71.806s - 0.1k rays/s
Render time: 134.062s (25.00% complete, 2.0k rays)
Render time: 136.873s (75.00% complete, 3.7k rays)
Render time: 139.466s (100.00% complete, 1.9k rays)
Radiance Pipeline - incident radiance: 2.43 +/- 0.01653 W/str/m^2
Render complete - time elapsed 139.466s - 0.1k rays/s
Render time: 61.582s (25.00% complete, 1.7k rays)
Render time: 65.482s (50.00% complete, 1.8k rays)
Render time: 66.483s (100.00% complete, 3.8k rays)
Radiance Pipeline - incident radiance: 59.28 +/- 1.033 W/str/m^2
Render complete - time elapsed 66.483s - 0.1k rays/s
Render time: 61.363s (25.00% complete, 1.8k rays)
Render time: 64.776s (50.00% complete, 1.7k rays)
Render time: 66.619s (75.00% complete, 1.9k rays)
Render time: 68.120s (100.00% complete, 1.9k rays)
Radiance Pipeline - incident radiance: 27.9 +/- 0.2704 W/str/m^2
Render complete - time elapsed 68.120s - 0.1k rays/s
Render time: 38.915s (25.00% complete, 1.8k rays)
Render time: 40.636s (50.00% complete, 1.8k rays)
Render time: 41.774s (75.00% complete, 1.7k rays)
Render time: 42.906s (100.00% complete, 1.9k rays)
Radiance Pipeline - incident radiance: 1.346E+04 +/- 284.7 W/str/m^2
Render complete - time elapsed 42.907s - 0.2k rays/s
Render time: 42.897s (25.00% complete, 1.8k rays)
Render time: 43.990s (75.00% complete, 3.9k rays)
Render time: 45.770s (100.00% complete, 2.0k rays)
Radiance Pipeline - incident radiance: 455.2 +/- 3.689 W/str/m^2
Render complete - time elapsed 45.771s - 0.2k rays/s
Render time: 2370.530s (25.00% complete, 1.9k rays)
Render time: 2437.905s (50.00% complete, 1.8k rays)
Render time: 2542.022s (75.00% complete, 1.9k rays)
Render time: 2586.240s (100.00% complete, 2.0k rays)
Radiance Pipeline - incident radiance: 15.04 +/- 0.08386 W/str/m^2
Render complete - time elapsed 2586.241s - 0.0k rays/s
KT3 [2.58885, -1.60595]
Render time: 73.275s (25.00% complete, 2.0k rays)
Render time: 74.748s (75.00% complete, 3.9k rays)
Render time: 75.774s (100.00% complete, 2.0k rays)
Radiance Pipeline - incident radiance: 0.01214 +/- 0.0002894 W/str/m^2
Render complete - time elapsed 75.775s - 0.1k rays/s
Render time: 71.126s (25.00% complete, 1.8k rays)
Render time: 73.453s (50.00% complete, 1.9k rays)
Render time: 76.399s (100.00% complete, 4.1k rays)
Radiance Pipeline - incident radiance: 0.05666 +/- 0.00144 W/str/m^2
Render complete - time elapsed 76.400s - 0.1k rays/s
Render time: 67.270s (25.00% complete, 1.8k rays)
Render time: 69.666s (50.00% complete, 1.8k rays)
Render time: 71.308s (100.00% complete, 4.0k rays)
Radiance Pipeline - incident radiance: 0.04803 +/- 0.001153 W/str/m^2
Render complete - time elapsed 71.309s - 0.1k rays/s
Render time: 66.284s (25.00% complete, 1.8k rays)
Render time: 67.540s (50.00% complete, 1.9k rays)
Render time: 69.310s (75.00% complete, 1.9k rays)
Radiance Pipeline - incident radiance: 0.09415 +/- 0.002702 W/str/m^2
Render complete - time elapsed 69.913s - 0.1k rays/s
Render time: 118.636s (25.00% complete, 1.9k rays)
Render time: 123.141s (50.00% complete, 1.9k rays)
Render time: 128.597s (100.00% complete, 3.8k rays)
Radiance Pipeline - incident radiance: 0.1441 +/- 0.003834 W/str/m^2
Render complete - time elapsed 128.597s - 0.1k rays/s
Render time: 70.489s (25.00% complete, 1.8k rays)
Render time: 72.547s (50.00% complete, 1.9k rays)
Render time: 76.894s (100.00% complete, 4.0k rays)
Radiance Pipeline - incident radiance: 18.36 +/- 0.4284 W/str/m^2
Render complete - time elapsed 76.895s - 0.1k rays/s
Render time: 67.969s (25.00% complete, 1.8k rays)
Render time: 74.313s (50.00% complete, 1.8k rays)
Render time: 75.702s (75.00% complete, 2.0k rays)
Radiance Pipeline - incident radiance: 0.9332 +/- 0.04321 W/str/m^2
Render complete - time elapsed 76.274s - 0.1k rays/s
Render time: 45.833s (25.00% complete, 2.0k rays)
Render time: 46.989s (100.00% complete, 5.6k rays)
Radiance Pipeline - incident radiance: 2809 +/- 60.12 W/str/m^2
Render complete - time elapsed 46.990s - 0.2k rays/s
Render time: 43.340s (25.00% complete, 1.8k rays)
Render time: 45.124s (75.00% complete, 3.9k rays)
Radiance Pipeline - incident radiance: 14.1 +/- 0.6806 W/str/m^2
Render complete - time elapsed 46.072s - 0.2k rays/s
Render time: 2405.341s (25.00% complete, 1.8k rays)
Render time: 2442.574s (50.00% complete, 1.9k rays)
Render time: 2491.504s (75.00% complete, 1.9k rays)
Render time: 2538.000s (100.00% complete, 1.9k rays)
Radiance Pipeline - incident radiance: 1.662 +/- 0.02503 W/str/m^2
Render complete - time elapsed 2538.001s - 0.0k rays/s
KT3 [2.55361, -1.59557]
Render time: 51.954s (25.00% complete, 1.7k rays)
Render time: 54.480s (75.00% complete, 3.5k rays)
Render time: 56.693s (100.00% complete, 2.0k rays)
Radiance Pipeline - incident radiance: 0.005491 +/- 0.0002223 W/str/m^2
Render complete - time elapsed 56.693s - 0.1k rays/s
Render time: 51.448s (25.00% complete, 1.8k rays)
Render time: 54.052s (50.00% complete, 1.8k rays)
Render time: 58.906s (100.00% complete, 3.6k rays)
Radiance Pipeline - incident radiance: 0.05976 +/- 0.001079 W/str/m^2
Render complete - time elapsed 58.906s - 0.1k rays/s
Render time: 50.656s (25.00% complete, 1.8k rays)
Render time: 51.985s (50.00% complete, 1.8k rays)
Render time: 53.725s (75.00% complete, 1.8k rays)
Radiance Pipeline - incident radiance: 0.01966 +/- 0.0007736 W/str/m^2
Render complete - time elapsed 54.701s - 0.1k rays/s
Render time: 51.774s (25.00% complete, 1.9k rays)
Render time: 57.348s (100.00% complete, 5.5k rays)
Radiance Pipeline - incident radiance: 0.1025 +/- 0.002806 W/str/m^2
Render complete - time elapsed 57.348s - 0.1k rays/s
Render time: 87.729s (25.00% complete, 1.9k rays)
Render time: 90.132s (50.00% complete, 1.8k rays)
Render time: 91.963s (100.00% complete, 3.5k rays)
Radiance Pipeline - incident radiance: 0.1239 +/- 0.002728 W/str/m^2
Render complete - time elapsed 91.963s - 0.1k rays/s
Render time: 50.209s (25.00% complete, 1.7k rays)
Render time: 53.491s (50.00% complete, 1.7k rays)
Radiance Pipeline - incident radiance: 8.095 +/- 0.3303 W/str/m^2
Render complete - time elapsed 54.163s - 0.1k rays/s
Render time: 50.814s (25.00% complete, 1.7k rays)
Render time: 52.196s (50.00% complete, 1.9k rays)
Render time: 53.518s (75.00% complete, 1.9k rays)
Render time: 57.207s (100.00% complete, 2.0k rays)
Radiance Pipeline - incident radiance: 0.9041 +/- 0.03148 W/str/m^2
Render complete - time elapsed 57.207s - 0.1k rays/s
Render time: 33.151s (25.00% complete, 1.8k rays)
Render time: 35.551s (75.00% complete, 3.7k rays)
Radiance Pipeline - incident radiance: 1600 +/- 83.17 W/str/m^2
Render complete - time elapsed 36.111s - 0.2k rays/s
Render time: 35.265s (25.00% complete, 1.8k rays)
Render time: 37.381s (50.00% complete, 1.7k rays)
Radiance Pipeline - incident radiance: 14.26 +/- 0.4804 W/str/m^2
Render complete - time elapsed 38.069s - 0.2k rays/s
Render time: 1694.608s (25.00% complete, 2.0k rays)
Render time: 1739.156s (50.00% complete, 1.8k rays)
Render time: 1795.380s (75.00% complete, 1.8k rays)
Render time: 1830.018s (100.00% complete, 1.8k rays)
Radiance Pipeline - incident radiance: 1.45 +/- 0.0232 W/str/m^2
Render complete - time elapsed 1830.018s - 0.0k rays/s
KT3 [2.62408, -1.61633]
Render time: 64.876s (25.00% complete, 1.8k rays)
Render time: 70.748s (50.00% complete, 1.9k rays)
Render time: 72.005s (75.00% complete, 2.0k rays)
Radiance Pipeline - incident radiance: 0.01673 +/- 0.0003358 W/str/m^2
Render complete - time elapsed 72.261s - 0.1k rays/s
Render time: 68.043s (25.00% complete, 1.9k rays)
Render time: 71.066s (75.00% complete, 3.6k rays)
Render time: 74.160s (100.00% complete, 2.0k rays)
Radiance Pipeline - incident radiance: 0.04713 +/- 0.002154 W/str/m^2
Render complete - time elapsed 74.161s - 0.1k rays/s
Render time: 69.910s (25.00% complete, 1.9k rays)
Render time: 71.493s (75.00% complete, 3.9k rays)
Radiance Pipeline - incident radiance: 0.06836 +/- 0.001335 W/str/m^2
Render complete - time elapsed 72.135s - 0.1k rays/s
Render time: 67.593s (25.00% complete, 1.8k rays)
Render time: 74.479s (100.00% complete, 5.9k rays)
Radiance Pipeline - incident radiance: 0.08354 +/- 0.00363 W/str/m^2
Render complete - time elapsed 74.480s - 0.1k rays/s
Render time: 116.305s (25.00% complete, 1.8k rays)
Render time: 118.457s (75.00% complete, 4.0k rays)
Render time: 119.690s (100.00% complete, 1.9k rays)
Radiance Pipeline - incident radiance: 0.1402 +/- 0.003501 W/str/m^2
Render complete - time elapsed 119.691s - 0.1k rays/s
Render time: 70.667s (25.00% complete, 1.8k rays)
Render time: 75.168s (50.00% complete, 2.1k rays)
Radiance Pipeline - incident radiance: 26.93 +/- 0.5024 W/str/m^2
Render complete - time elapsed 75.500s - 0.1k rays/s
Render time: 72.855s (25.00% complete, 1.9k rays)
Render time: 74.360s (75.00% complete, 3.8k rays)
Radiance Pipeline - incident radiance: 0.8468 +/- 0.06797 W/str/m^2
Render complete - time elapsed 74.551s - 0.1k rays/s
Render time: 42.594s (25.00% complete, 1.9k rays)
Render time: 44.302s (50.00% complete, 2.1k rays)
Render time: 46.500s (75.00% complete, 1.9k rays)
Radiance Pipeline - incident radiance: 4055 +/- 67.57 W/str/m^2
Render complete - time elapsed 46.690s - 0.2k rays/s
Render time: 45.724s (25.00% complete, 1.9k rays)
Render time: 48.857s (100.00% complete, 6.2k rays)
Radiance Pipeline - incident radiance: 11.72 +/- 0.5517 W/str/m^2
Render complete - time elapsed 48.857s - 0.2k rays/s
Render time: 2507.711s (25.00% complete, 1.9k rays)
Render time: 2589.239s (50.00% complete, 2.0k rays)
Render time: 2739.783s (75.00% complete, 2.0k rays)
Render time: 2743.812s (100.00% complete, 2.0k rays)
Radiance Pipeline - incident radiance: 1.605 +/- 0.02223 W/str/m^2
Render complete - time elapsed 2743.812s - 0.0k rays/s
KT3 [2.6417, -1.62152]
Render time: 69.594s (25.00% complete, 1.9k rays)
Render time: 72.982s (75.00% complete, 3.7k rays)
Radiance Pipeline - incident radiance: 0.01827 +/- 0.0003458 W/str/m^2
Render complete - time elapsed 73.024s - 0.1k rays/s
Render time: 69.036s (25.00% complete, 1.9k rays)
Render time: 70.291s (50.00% complete, 1.9k rays)
Render time: 71.790s (75.00% complete, 1.8k rays)
Render time: 73.088s (100.00% complete, 1.9k rays)
Radiance Pipeline - incident radiance: 0.04337 +/- 0.002205 W/str/m^2
Render complete - time elapsed 73.089s - 0.1k rays/s
Render time: 67.637s (25.00% complete, 1.8k rays)
Render time: 70.416s (75.00% complete, 3.7k rays)
Render time: 71.781s (100.00% complete, 1.9k rays)
Radiance Pipeline - incident radiance: 0.06917 +/- 0.00136 W/str/m^2
Render complete - time elapsed 71.782s - 0.1k rays/s
Render time: 68.657s (25.00% complete, 1.9k rays)
Render time: 69.867s (50.00% complete, 2.0k rays)
Render time: 73.169s (75.00% complete, 2.1k rays)
Radiance Pipeline - incident radiance: 0.07089 +/- 0.003829 W/str/m^2
Render complete - time elapsed 73.534s - 0.1k rays/s
Render time: 120.828s (25.00% complete, 1.9k rays)
Render time: 123.306s (50.00% complete, 1.8k rays)
Render time: 125.941s (75.00% complete, 2.1k rays)
Radiance Pipeline - incident radiance: 0.1502 +/- 0.004491 W/str/m^2
Render complete - time elapsed 126.383s - 0.1k rays/s
Render time: 69.145s (25.00% complete, 1.8k rays)
Render time: 74.427s (50.00% complete, 1.9k rays)
Render time: 75.596s (75.00% complete, 2.0k rays)
Radiance Pipeline - incident radiance: 27.71 +/- 0.5623 W/str/m^2
Render complete - time elapsed 75.621s - 0.1k rays/s
Render time: 70.477s (25.00% complete, 1.9k rays)
Render time: 71.954s (50.00% complete, 1.9k rays)
Render time: 73.193s (75.00% complete, 2.0k rays)
Render time: 75.553s (100.00% complete, 2.1k rays)
Radiance Pipeline - incident radiance: 0.8418 +/- 0.06605 W/str/m^2
Render complete - time elapsed 75.553s - 0.1k rays/s
Render time: 41.673s (25.00% complete, 1.8k rays)
Render time: 44.099s (75.00% complete, 3.8k rays)
Radiance Pipeline - incident radiance: 4186 +/- 78.87 W/str/m^2
Render complete - time elapsed 44.557s - 0.2k rays/s
Render time: 44.105s (25.00% complete, 1.8k rays)
Render time: 45.930s (75.00% complete, 3.8k rays)
Render time: 47.565s (100.00% complete, 2.0k rays)
Radiance Pipeline - incident radiance: 11.87 +/- 0.8832 W/str/m^2
Render complete - time elapsed 47.565s - 0.2k rays/s
Render time: 2534.946s (25.00% complete, 1.9k rays)
Render time: 2595.418s (50.00% complete, 1.9k rays)
Render time: 2626.069s (75.00% complete, 2.0k rays)
Render time: 2746.197s (100.00% complete, 1.9k rays)
Radiance Pipeline - incident radiance: 1.543 +/- 0.02393 W/str/m^2
Render complete - time elapsed 2746.197s - 0.0k rays/s
KT3 [2.65932, -1.62671]
Render time: 79.609s (25.00% complete, 1.9k rays)
Render time: 80.706s (50.00% complete, 1.9k rays)
Render time: 81.823s (75.00% complete, 1.9k rays)
Render time: 83.714s (100.00% complete, 1.9k rays)
Radiance Pipeline - incident radiance: 0.02193 +/- 0.0003748 W/str/m^2
Render complete - time elapsed 83.715s - 0.1k rays/s
Render time: 74.886s (25.00% complete, 1.9k rays)
Render time: 76.825s (75.00% complete, 3.9k rays)
Radiance Pipeline - incident radiance: 0.04732 +/- 0.002244 W/str/m^2
Render complete - time elapsed 77.674s - 0.1k rays/s
Render time: 69.232s (25.00% complete, 1.9k rays)
Render time: 74.497s (50.00% complete, 2.0k rays)
Render time: 76.353s (100.00% complete, 3.8k rays)
Radiance Pipeline - incident radiance: 0.08726 +/- 0.001559 W/str/m^2
Render complete - time elapsed 76.354s - 0.1k rays/s
Render time: 72.247s (25.00% complete, 1.8k rays)
Render time: 74.279s (75.00% complete, 3.8k rays)
Radiance Pipeline - incident radiance: 0.08578 +/- 0.005049 W/str/m^2
Render complete - time elapsed 74.812s - 0.1k rays/s
Render time: 122.079s (25.00% complete, 1.8k rays)
Render time: 125.808s (50.00% complete, 2.0k rays)
Render time: 129.776s (75.00% complete, 2.1k rays)
Render time: 132.623s (100.00% complete, 2.1k rays)
Radiance Pipeline - incident radiance: 0.1719 +/- 0.004841 W/str/m^2
Render complete - time elapsed 132.623s - 0.1k rays/s
Render time: 74.998s (25.00% complete, 2.0k rays)
Render time: 76.610s (75.00% complete, 4.0k rays)
Radiance Pipeline - incident radiance: 34.2 +/- 0.629 W/str/m^2
Render complete - time elapsed 77.428s - 0.1k rays/s
Render time: 73.199s (25.00% complete, 2.1k rays)
Render time: 75.910s (75.00% complete, 3.9k rays)
Radiance Pipeline - incident radiance: 0.9423 +/- 0.07037 W/str/m^2
Render complete - time elapsed 76.333s - 0.1k rays/s
Render time: 44.700s (25.00% complete, 2.0k rays)
Render time: 47.951s (75.00% complete, 3.9k rays)
Radiance Pipeline - incident radiance: 4995 +/- 91.32 W/str/m^2
Render complete - time elapsed 48.555s - 0.2k rays/s
Render time: 42.666s (25.00% complete, 1.9k rays)
Render time: 44.753s (75.00% complete, 3.9k rays)
Render time: 47.428s (100.00% complete, 2.1k rays)
Radiance Pipeline - incident radiance: 14.3 +/- 1.17 W/str/m^2
Render complete - time elapsed 47.429s - 0.2k rays/s
Render time: 2632.405s (25.00% complete, 2.0k rays)
Render time: 2637.518s (50.00% complete, 1.9k rays)
Render time: 2655.733s (75.00% complete, 1.9k rays)
Render time: 2695.934s (100.00% complete, 2.1k rays)
Radiance Pipeline - incident radiance: 1.572 +/- 0.02618 W/str/m^2
Render complete - time elapsed 2695.934s - 0.0k rays/s
Fitting Stark broadened H6-2 spectra, LOS id= : KT3   8
Fitting Stark broadened H6-2 spectra, LOS id= : KT3   12
Fitting Stark broadened H6-2 spectra, LOS id= : KT3   2
Fitting Stark broadened H6-2 spectra, LOS id= : KT3   22
Fitting Stark broadened H6-2 spectra, LOS id= : KT3   9
Fitting Stark broadened H6-2 spectra, LOS id= : KT3   17
Fitting Stark broadened H6-2 spectra, LOS id= : KT3   1
Fitting Stark broadened H6-2 spectra, LOS id= : KT3   15
Fitting Stark broadened H6-2 spectra, LOS id= : KT3   4
Fitting Stark broadened H6-2 spectra, LOS id= : KT3   10
Fitting Stark broadened H6-2 spectra, LOS id= : KT3   21
Fitting Stark broadened H6-2 spectra, LOS id= : KT3   11
Fitting Stark broadened H6-2 spectra, LOS id= : KT3   19
Fitting Stark broadened H6-2 spectra, LOS id= : KT3   18
Fitting Stark broadened H6-2 spectra, LOS id= : KT3   16
Fitting Stark broadened H6-2 spectra, LOS id= : KT3   20
Fitting Stark broadened H6-2 spectra, LOS id= : KT3   13
Fitting Stark broadened H6-2 spectra, LOS id= : KT3   3
Fitting Stark broadened H6-2 spectra, LOS id= : KT3   14
Fitting Stark broadened H6-2 spectra, LOS id= : KT3   5
Fitting Stark broadened H6-2 spectra, LOS id= : KT3   6
Fitting Stark broadened H6-2 spectra, LOS id= : KT3   7
Fitting ff+fb continuum spectra, LOS id= : KT3   8
Fitting ff+fb continuum spectra, LOS id= : KT3   12
Fitting ff+fb continuum spectra, LOS id= : KT3   2
Fitting ff+fb continuum spectra, LOS id= : KT3   22
Fitting ff+fb continuum spectra, LOS id= : KT3   9
Fitting ff+fb continuum spectra, LOS id= : KT3   17
Fitting ff+fb continuum spectra, LOS id= : KT3   1
Fitting ff+fb continuum spectra, LOS id= : KT3   15
Fitting ff+fb continuum spectra, LOS id= : KT3   4
Fitting ff+fb continuum spectra, LOS id= : KT3   10
Fitting ff+fb continuum spectra, LOS id= : KT3   21
Fitting ff+fb continuum spectra, LOS id= : KT3   11
Fitting ff+fb continuum spectra, LOS id= : KT3   19
Fitting ff+fb continuum spectra, LOS id= : KT3   18
Fitting ff+fb continuum spectra, LOS id= : KT3   16
Fitting ff+fb continuum spectra, LOS id= : KT3   20
Fitting ff+fb continuum spectra, LOS id= : KT3   13
Fitting ff+fb continuum spectra, LOS id= : KT3   3
Fitting ff+fb continuum spectra, LOS id= : KT3   14
Fitting ff+fb continuum spectra, LOS id= : KT3   5
Fitting ff+fb continuum spectra, LOS id= : KT3   6
Fitting ff+fb continuum spectra, LOS id= : KT3   7
Ionization/recombination, LOS id= : KT3   8
Ionization/recombination, LOS id= : KT3   12
Ionization/recombination, LOS id= : KT3   2
Ionization/recombination, LOS id= : KT3   22
Ionization/recombination, LOS id= : KT3   9
Ionization/recombination, LOS id= : KT3   17
Ionization/recombination, LOS id= : KT3   1
Ionization/recombination, LOS id= : KT3   15
Ionization/recombination, LOS id= : KT3   4
Ionization/recombination, LOS id= : KT3   10
Ionization/recombination, LOS id= : KT3   21
Ionization/recombination, LOS id= : KT3   11
Ionization/recombination, LOS id= : KT3   19
Ionization/recombination, LOS id= : KT3   18
Ionization/recombination, LOS id= : KT3   16
Ionization/recombination, LOS id= : KT3   20
Ionization/recombination, LOS id= : KT3   13
Ionization/recombination, LOS id= : KT3   3
Ionization/recombination, LOS id= : KT3   14
Ionization/recombination, LOS id= : KT3   5
Ionization/recombination, LOS id= : KT3   6
Ionization/recombination, LOS id= : KT3   7
Saving cherab_bridge synthetic diagnostic data to: /work/bloman/pyproc/bloman_cmg_catalog_edge2d_jet_81472_may0618_seq#3/cherab_refl.synth_diag.json
