Found input dictionary:  cherab_bridge_input_dict.json
Found EDGE2D pickled data:  /work/bloman/pyproc/bloman_cmg_catalog_edge2d_jet_81472_aug0918_seq#1/pyproc.2ddata.pkl
Found synthetic diagnostic data file:  /work/bloman/pyproc/bloman_cmg_catalog_edge2d_jet_81472_aug0918_seq#1/pyproc.proc_synth_diag.json
Found synthetic diagnostic processed data file:  /work/bloman/pyproc/bloman_cmg_catalog_edge2d_jet_81472_aug0918_seq#1/pyproc.proc_synth_diag.json
ADAS dictionary restored.
importing A2_Antennas.rsm  ...
importing B_C_tiles.rsm  ...
importing DP_Tiles.rsm  ...
importing GB_Carrier_Tiles.rsm  ...
importing High Field Gap_Tiles.rsm  ...
importing ICRD.rsm  ...
importing ICRH_PL_Tiles.rsm  ...
importing IL_SC.rsm  ...
importing IWGL_Tiles.rsm  ...
importing IWP_tiles.rsm  ...
importing LBSRP_Tiles.rsm  ...
importing LHCD.rsm  ...
importing LO_SC.rsm  ...
importing Lost_Apha.rsm  ...
importing Mushroom_Tiles.rsm  ...
importing PL_tiles.rsm  ...
importing TAE.rsm  ...
importing UIWP_tiles.rsm  ...
importing UO_SC.rsm  ...
importing B_C_Structure.rsm  ...
importing Coil_Conduit.rsm  ...
importing Cooling_Manifold.rsm  ...
importing Diagnostics.rsm  ...
importing DP_Structure.rsm  ...
importing DS.rsm  ...
importing ICRH_PL_Structure.rsm  ...
importing IWGL_Structure.rsm  ...
importing IWP_structure.rsm  ...
importing KE14.rsm  ...
importing LHCD_Structure.rsm  ...
importing Mushroom_Structure.rsm  ...
importing Oct4_Glow_Discharge.rsm  ...
importing PL_Structure.rsm  ...
importing SC_Feeds.rsm  ...
importing SC_Xover.rsm  ...
importing Vessel Wall.rsm  ...
Warning! No magnetic field data available for this simulation.
Warning! No velocity field data available for this simulation.
<EDGE2D Plasma: Plasma at 0x7f3b47a7f588>
KT3 [2.65932, -1.62671]
Render time: 61.520s (25.00% complete, 1.9k rays)
Render time: 63.822s (50.00% complete, 2.0k rays)
Render time: 64.856s (75.00% complete, 2.0k rays)
Render time: 68.714s (100.00% complete, 2.0k rays)
Radiance Pipeline - incident radiance: 0.07713 +/- 0.001022 W/str/m^2
Render complete - time elapsed 68.717s - 0.1k rays/s
Render time: 61.992s (25.00% complete, 1.9k rays)
Render time: 64.631s (75.00% complete, 4.1k rays)
Render time: 65.817s (100.00% complete, 2.1k rays)
Radiance Pipeline - incident radiance: 0.001313 +/- 0.0001519 W/str/m^2
Render complete - time elapsed 65.817s - 0.1k rays/s
Render time: 69.443s (25.00% complete, 1.8k rays)
Render time: 73.937s (50.00% complete, 1.9k rays)
Render time: 79.410s (75.00% complete, 2.0k rays)
Render time: 81.264s (100.00% complete, 2.0k rays)
Radiance Pipeline - incident radiance: 0.07908 +/- 0.001097 W/str/m^2
Render complete - time elapsed 81.268s - 0.1k rays/s
Render time: 59.910s (25.00% complete, 2.0k rays)
Render time: 60.923s (50.00% complete, 1.9k rays)
Render time: 62.817s (100.00% complete, 3.8k rays)
Radiance Pipeline - incident radiance: 0.02078 +/- 0.000332 W/str/m^2
Render complete - time elapsed 62.818s - 0.1k rays/s
Render time: 59.350s (25.00% complete, 1.9k rays)
Render time: 61.175s (50.00% complete, 1.9k rays)
Render time: 62.302s (100.00% complete, 3.8k rays)
Radiance Pipeline - incident radiance: 0.001121 +/- 0.0001584 W/str/m^2
Render complete - time elapsed 62.303s - 0.1k rays/s
Render time: 34.345s (25.00% complete, 1.7k rays)
Render time: 37.621s (50.00% complete, 1.9k rays)
Render time: 39.948s (100.00% complete, 4.1k rays)
Radiance Pipeline - incident radiance: 1736 +/- 34.55 W/str/m^2
Render complete - time elapsed 39.951s - 0.2k rays/s
Render time: 34.794s (25.00% complete, 1.7k rays)
Render time: 37.841s (100.00% complete, 5.9k rays)
Radiance Pipeline - incident radiance: 0.3287 +/- 0.04315 W/str/m^2
Render complete - time elapsed 37.841s - 0.2k rays/s
Render time: 58.044s (25.00% complete, 1.9k rays)
Render time: 59.275s (50.00% complete, 1.8k rays)
Render time: 61.822s (100.00% complete, 3.9k rays)
Radiance Pipeline - incident radiance: 19.54 +/- 0.3094 W/str/m^2
Render complete - time elapsed 61.823s - 0.1k rays/s
Render time: 58.618s (25.00% complete, 1.8k rays)
Render time: 60.409s (50.00% complete, 2.0k rays)
Render time: 61.872s (100.00% complete, 3.9k rays)
Radiance Pipeline - incident radiance: 0.009828 +/- 0.001363 W/str/m^2
Render complete - time elapsed 61.873s - 0.1k rays/s
Render time: 2456.611s (25.00% complete, 1.9k rays)
Render time: 2461.088s (50.00% complete, 1.8k rays)
Render time: 2603.547s (75.00% complete, 1.8k rays)
Render time: 2709.208s (100.00% complete, 1.8k rays)
Radiance Pipeline - incident radiance: 0.204 +/- 0.004355 W/str/m^2
Render complete - time elapsed 2709.209s - 0.0k rays/s
KT3 [2.78265, -1.66304]
Render time: 52.297s (25.00% complete, 1.9k rays)
Render time: 53.747s (50.00% complete, 1.9k rays)
Render time: 56.372s (75.00% complete, 2.0k rays)
Render time: 58.552s (100.00% complete, 1.9k rays)
Radiance Pipeline - incident radiance: 0.2819 +/- 0.002299 W/str/m^2
Render complete - time elapsed 58.553s - 0.1k rays/s
Render time: 52.258s (25.00% complete, 1.7k rays)
Render time: 55.257s (50.00% complete, 1.7k rays)
Render time: 57.306s (75.00% complete, 2.0k rays)
Render time: 59.663s (100.00% complete, 2.1k rays)
Radiance Pipeline - incident radiance: 0.01141 +/- 0.0004407 W/str/m^2
Render complete - time elapsed 59.664s - 0.1k rays/s
Render time: 67.306s (25.00% complete, 1.9k rays)
Render time: 70.121s (50.00% complete, 1.9k rays)
Render time: 71.378s (75.00% complete, 1.9k rays)
Render time: 75.577s (100.00% complete, 1.8k rays)
Radiance Pipeline - incident radiance: 0.2952 +/- 0.002372 W/str/m^2
Render complete - time elapsed 75.578s - 0.1k rays/s
Render time: 50.864s (25.00% complete, 2.0k rays)
Render time: 52.420s (50.00% complete, 1.8k rays)
Render time: 55.276s (75.00% complete, 2.0k rays)
Render time: 56.378s (100.00% complete, 1.9k rays)
Radiance Pipeline - incident radiance: 0.07109 +/- 0.0006291 W/str/m^2
Render complete - time elapsed 56.379s - 0.1k rays/s
Render time: 50.582s (25.00% complete, 1.8k rays)
Render time: 52.221s (50.00% complete, 1.7k rays)
Render time: 55.222s (75.00% complete, 1.9k rays)
Render time: 61.246s (100.00% complete, 2.1k rays)
Radiance Pipeline - incident radiance: 0.00698 +/- 0.0001728 W/str/m^2
Render complete - time elapsed 61.247s - 0.1k rays/s
Render time: 32.115s (25.00% complete, 1.8k rays)
Render time: 33.708s (100.00% complete, 5.7k rays)
Radiance Pipeline - incident radiance: 1.01E+04 +/- 102.5 W/str/m^2
Render complete - time elapsed 33.708s - 0.2k rays/s
Render time: 31.268s (25.00% complete, 1.8k rays)
Render time: 32.542s (50.00% complete, 2.0k rays)
Radiance Pipeline - incident radiance: 1.646 +/- 0.05733 W/str/m^2
Render complete - time elapsed 32.965s - 0.2k rays/s
Render time: 47.915s (25.00% complete, 1.7k rays)
Render time: 51.012s (50.00% complete, 1.8k rays)
Render time: 52.169s (75.00% complete, 1.9k rays)
Render time: 54.669s (100.00% complete, 2.1k rays)
Radiance Pipeline - incident radiance: 91.61 +/- 0.8798 W/str/m^2
Render complete - time elapsed 54.670s - 0.1k rays/s
Render time: 49.097s (25.00% complete, 1.7k rays)
Render time: 52.668s (75.00% complete, 3.7k rays)
Render time: 56.623s (100.00% complete, 1.9k rays)
Radiance Pipeline - incident radiance: 0.07736 +/- 0.001751 W/str/m^2
Render complete - time elapsed 56.623s - 0.1k rays/s
Render time: 2358.724s (25.00% complete, 1.9k rays)
Render time: 2487.850s (50.00% complete, 1.9k rays)
Render time: 2538.928s (75.00% complete, 1.9k rays)
Render time: 2644.901s (100.00% complete, 1.8k rays)
Radiance Pipeline - incident radiance: 0.3886 +/- 0.003878 W/str/m^2
Render complete - time elapsed 2644.902s - 0.0k rays/s
KT3 [2.57123, -1.60076]
Render time: 46.033s (25.00% complete, 1.7k rays)
Render time: 49.212s (50.00% complete, 1.9k rays)
Render time: 53.806s (100.00% complete, 3.9k rays)
Radiance Pipeline - incident radiance: 0.04141 +/- 0.0007555 W/str/m^2
Render complete - time elapsed 53.807s - 0.1k rays/s
Render time: 48.543s (25.00% complete, 1.8k rays)
Render time: 49.751s (50.00% complete, 1.8k rays)
Render time: 53.854s (100.00% complete, 3.8k rays)
Radiance Pipeline - incident radiance: 0.00408 +/- 0.0006347 W/str/m^2
Render complete - time elapsed 53.854s - 0.1k rays/s
Render time: 51.316s (25.00% complete, 1.7k rays)
Render time: 55.099s (50.00% complete, 1.8k rays)
Render time: 56.105s (75.00% complete, 1.8k rays)
Render time: 57.791s (100.00% complete, 2.0k rays)
Radiance Pipeline - incident radiance: 0.04498 +/- 0.00102 W/str/m^2
Render complete - time elapsed 57.792s - 0.1k rays/s
Render time: 49.890s (25.00% complete, 1.8k rays)
Render time: 54.456s (100.00% complete, 5.7k rays)
Radiance Pipeline - incident radiance: 0.01132 +/- 0.0002038 W/str/m^2
Render complete - time elapsed 54.457s - 0.1k rays/s
Render time: 44.689s (25.00% complete, 1.8k rays)
Render time: 47.100s (50.00% complete, 1.7k rays)
Render time: 51.444s (75.00% complete, 2.0k rays)
Render time: 53.315s (100.00% complete, 1.9k rays)
Radiance Pipeline - incident radiance: 0.001791 +/- 0.0002619 W/str/m^2
Render complete - time elapsed 53.316s - 0.1k rays/s
Render time: 28.474s (25.00% complete, 1.8k rays)
Render time: 29.604s (50.00% complete, 1.8k rays)
Radiance Pipeline - incident radiance: 1072 +/- 41.87 W/str/m^2
Render complete - time elapsed 30.225s - 0.2k rays/s
Render time: 28.331s (25.00% complete, 1.8k rays)
Render time: 29.925s (75.00% complete, 3.8k rays)
Radiance Pipeline - incident radiance: 0.7023 +/- 0.1001 W/str/m^2
Render complete - time elapsed 30.764s - 0.2k rays/s
Render time: 45.880s (25.00% complete, 1.8k rays)
Render time: 46.918s (50.00% complete, 1.8k rays)
Render time: 50.168s (100.00% complete, 3.6k rays)
Radiance Pipeline - incident radiance: 10.69 +/- 0.2921 W/str/m^2
Render complete - time elapsed 50.169s - 0.1k rays/s
Render time: 45.920s (25.00% complete, 1.9k rays)
Render time: 48.198s (75.00% complete, 3.7k rays)
Radiance Pipeline - incident radiance: 0.03237 +/- 0.005051 W/str/m^2
Render complete - time elapsed 49.191s - 0.1k rays/s
Render time: 1924.190s (25.00% complete, 1.8k rays)
Render time: 1967.391s (50.00% complete, 1.9k rays)
Render time: 2005.241s (75.00% complete, 1.8k rays)
Render time: 2162.003s (100.00% complete, 1.9k rays)
Radiance Pipeline - incident radiance: 0.2008 +/- 0.008418 W/str/m^2
Render complete - time elapsed 2162.004s - 0.0k rays/s
KT3 [2.87074, -1.689]
Render time: 49.822s (25.00% complete, 1.9k rays)
Render time: 51.076s (50.00% complete, 1.7k rays)
Render time: 52.494s (100.00% complete, 3.7k rays)
Radiance Pipeline - incident radiance: 0.07512 +/- 0.001668 W/str/m^2
Render complete - time elapsed 52.494s - 0.1k rays/s
Render time: 47.954s (25.00% complete, 1.8k rays)
Render time: 50.189s (75.00% complete, 3.5k rays)
Render time: 54.219s (100.00% complete, 1.9k rays)
Radiance Pipeline - incident radiance: 0.007166 +/- 0.0007438 W/str/m^2
Render complete - time elapsed 54.220s - 0.1k rays/s
Render time: 62.456s (25.00% complete, 1.6k rays)
Render time: 64.273s (100.00% complete, 5.4k rays)
Radiance Pipeline - incident radiance: 0.08098 +/- 0.002013 W/str/m^2
Render complete - time elapsed 64.274s - 0.1k rays/s
Render time: 50.581s (25.00% complete, 1.8k rays)
Render time: 52.668s (50.00% complete, 1.9k rays)
Render time: 55.201s (100.00% complete, 3.6k rays)
Radiance Pipeline - incident radiance: 0.02052 +/- 0.0004598 W/str/m^2
Render complete - time elapsed 55.202s - 0.1k rays/s
Render time: 49.179s (25.00% complete, 1.8k rays)
Render time: 50.703s (50.00% complete, 1.7k rays)
Render time: 52.826s (100.00% complete, 3.7k rays)
Radiance Pipeline - incident radiance: 0.005361 +/- 0.0005974 W/str/m^2
Render complete - time elapsed 52.827s - 0.1k rays/s
Render time: 28.293s (25.00% complete, 1.7k rays)
Render time: 29.712s (50.00% complete, 1.8k rays)
Render time: 33.204s (100.00% complete, 3.6k rays)
Radiance Pipeline - incident radiance: 2134 +/- 85.1 W/str/m^2
Render complete - time elapsed 33.205s - 0.2k rays/s
Render time: 28.883s (25.00% complete, 1.7k rays)
Render time: 29.930s (75.00% complete, 3.7k rays)
Render time: 33.745s (100.00% complete, 1.9k rays)
Radiance Pipeline - incident radiance: 1.231 +/- 0.1381 W/str/m^2
Render complete - time elapsed 33.746s - 0.2k rays/s
Render time: 45.832s (25.00% complete, 1.6k rays)
Render time: 47.909s (50.00% complete, 1.7k rays)
Render time: 50.825s (75.00% complete, 1.9k rays)
Radiance Pipeline - incident radiance: 19.58 +/- 0.5488 W/str/m^2
Render complete - time elapsed 51.015s - 0.1k rays/s
Render time: 46.613s (25.00% complete, 1.7k rays)
Render time: 51.986s (50.00% complete, 1.8k rays)
Render time: 53.768s (100.00% complete, 3.9k rays)
Radiance Pipeline - incident radiance: 0.08201 +/- 0.01005 W/str/m^2
Render complete - time elapsed 53.769s - 0.1k rays/s
Render time: 2112.027s (25.00% complete, 1.7k rays)
Render time: 2267.337s (50.00% complete, 1.8k rays)
Render time: 2294.112s (75.00% complete, 1.8k rays)
Render time: 2374.620s (100.00% complete, 1.9k rays)
Radiance Pipeline - incident radiance: 0.2345 +/- 0.0132 W/str/m^2
Render complete - time elapsed 2374.621s - 0.0k rays/s
KT3 [2.85312, -1.68381]
Render time: 53.644s (25.00% complete, 1.9k rays)
Render time: 55.056s (50.00% complete, 2.0k rays)
Render time: 57.573s (75.00% complete, 2.0k rays)
Radiance Pipeline - incident radiance: 0.08451 +/- 0.001485 W/str/m^2
Render complete - time elapsed 57.859s - 0.1k rays/s
Render time: 54.884s (25.00% complete, 1.9k rays)
Render time: 56.506s (75.00% complete, 3.8k rays)
Render time: 58.117s (100.00% complete, 2.0k rays)
Radiance Pipeline - incident radiance: 0.006688 +/- 0.0003432 W/str/m^2
Render complete - time elapsed 58.117s - 0.1k rays/s
Render time: 64.470s (25.00% complete, 1.8k rays)
Render time: 69.375s (50.00% complete, 1.8k rays)
Render time: 71.857s (75.00% complete, 1.9k rays)
Radiance Pipeline - incident radiance: 0.08904 +/- 0.001527 W/str/m^2
Render complete - time elapsed 72.166s - 0.1k rays/s
Render time: 52.820s (25.00% complete, 1.8k rays)
Render time: 56.765s (100.00% complete, 5.9k rays)
Radiance Pipeline - incident radiance: 0.02143 +/- 0.0003485 W/str/m^2
Render complete - time elapsed 56.768s - 0.1k rays/s
Render time: 51.604s (25.00% complete, 1.8k rays)
Render time: 54.933s (50.00% complete, 2.0k rays)
Render time: 56.082s (75.00% complete, 1.9k rays)
Render time: 58.797s (100.00% complete, 2.1k rays)
Radiance Pipeline - incident radiance: 0.00384 +/- 0.0001735 W/str/m^2
Render complete - time elapsed 58.798s - 0.1k rays/s
Render time: 31.921s (25.00% complete, 1.9k rays)
Render time: 33.050s (75.00% complete, 3.9k rays)
Render time: 35.596s (100.00% complete, 2.1k rays)
Radiance Pipeline - incident radiance: 2171 +/- 63.97 W/str/m^2
Render complete - time elapsed 35.597s - 0.2k rays/s
Render time: 29.651s (25.00% complete, 1.7k rays)
Render time: 32.387s (50.00% complete, 1.9k rays)
Radiance Pipeline - incident radiance: 0.8559 +/- 0.07592 W/str/m^2
Render complete - time elapsed 33.160s - 0.2k rays/s
Render time: 53.591s (25.00% complete, 1.8k rays)
Render time: 54.715s (50.00% complete, 1.8k rays)
Render time: 56.486s (100.00% complete, 3.8k rays)
Radiance Pipeline - incident radiance: 20.88 +/- 0.4349 W/str/m^2
Render complete - time elapsed 56.486s - 0.1k rays/s
Render time: 51.863s (25.00% complete, 1.8k rays)
Render time: 54.948s (75.00% complete, 3.6k rays)
Render time: 58.341s (100.00% complete, 1.9k rays)
Radiance Pipeline - incident radiance: 0.04734 +/- 0.003762 W/str/m^2
Render complete - time elapsed 58.341s - 0.1k rays/s
Render time: 2468.657s (25.00% complete, 1.9k rays)
Render time: 2515.911s (50.00% complete, 1.9k rays)
Render time: 2528.220s (75.00% complete, 2.0k rays)
Render time: 2681.385s (100.00% complete, 2.0k rays)
Radiance Pipeline - incident radiance: 0.2148 +/- 0.006357 W/str/m^2
Render complete - time elapsed 2681.386s - 0.0k rays/s
KT3 [2.6417, -1.62152]
Render time: 59.869s (25.00% complete, 1.9k rays)
Render time: 60.988s (75.00% complete, 4.0k rays)
Render time: 64.135s (100.00% complete, 2.0k rays)
Radiance Pipeline - incident radiance: 0.0737 +/- 0.0009024 W/str/m^2
Render complete - time elapsed 64.136s - 0.1k rays/s
Render time: 60.948s (25.00% complete, 1.9k rays)
Render time: 62.335s (50.00% complete, 2.0k rays)
Render time: 63.802s (100.00% complete, 3.8k rays)
Radiance Pipeline - incident radiance: 0.001304 +/- 0.0001986 W/str/m^2
Render complete - time elapsed 63.803s - 0.1k rays/s
Render time: 68.675s (25.00% complete, 1.9k rays)
Render time: 73.560s (50.00% complete, 1.9k rays)
Render time: 77.196s (75.00% complete, 2.1k rays)
Radiance Pipeline - incident radiance: 0.0723 +/- 0.00096 W/str/m^2
Render complete - time elapsed 77.300s - 0.1k rays/s
Render time: 59.510s (25.00% complete, 1.9k rays)
Render time: 60.540s (50.00% complete, 2.0k rays)
Render time: 63.411s (75.00% complete, 2.0k rays)
Render time: 65.301s (100.00% complete, 1.9k rays)
Radiance Pipeline - incident radiance: 0.01982 +/- 0.0002375 W/str/m^2
Render complete - time elapsed 65.302s - 0.1k rays/s
Render time: 61.443s (25.00% complete, 1.9k rays)
Render time: 63.120s (75.00% complete, 3.9k rays)
Radiance Pipeline - incident radiance: 0.0008433 +/- 0.0001212 W/str/m^2
Render complete - time elapsed 63.459s - 0.1k rays/s
Render time: 35.514s (25.00% complete, 1.8k rays)
Render time: 37.156s (75.00% complete, 3.9k rays)
Render time: 39.047s (100.00% complete, 2.0k rays)
Radiance Pipeline - incident radiance: 1580 +/- 28.04 W/str/m^2
Render complete - time elapsed 39.048s - 0.2k rays/s
Render time: 34.194s (25.00% complete, 1.8k rays)
Render time: 36.798s (50.00% complete, 2.0k rays)
Radiance Pipeline - incident radiance: 0.2255 +/- 0.03303 W/str/m^2
Render complete - time elapsed 37.355s - 0.2k rays/s
Render time: 62.154s (25.00% complete, 2.0k rays)
Render time: 63.163s (50.00% complete, 1.9k rays)
Render time: 66.744s (100.00% complete, 4.2k rays)
Radiance Pipeline - incident radiance: 18.39 +/- 0.2834 W/str/m^2
Render complete - time elapsed 66.746s - 0.1k rays/s
Render time: 59.319s (25.00% complete, 1.9k rays)
Render time: 60.659s (75.00% complete, 3.8k rays)
Render time: 62.583s (100.00% complete, 2.0k rays)
Radiance Pipeline - incident radiance: 0.01398 +/- 0.002715 W/str/m^2
Render complete - time elapsed 62.583s - 0.1k rays/s
Render time: 2441.378s (25.00% complete, 1.9k rays)
Render time: 2490.655s (50.00% complete, 1.8k rays)
Render time: 2566.523s (75.00% complete, 1.9k rays)
Render time: 2651.620s (100.00% complete, 2.0k rays)
Radiance Pipeline - incident radiance: 0.1884 +/- 0.003563 W/str/m^2
Render complete - time elapsed 2651.621s - 0.0k rays/s
KT3 [2.9236, -1.70457]
Render time: 51.314s (25.00% complete, 1.7k rays)
Render time: 52.430s (50.00% complete, 1.9k rays)
Render time: 53.953s (75.00% complete, 1.8k rays)
Radiance Pipeline - incident radiance: 0.04552 +/- 0.001159 W/str/m^2
Render complete - time elapsed 54.742s - 0.1k rays/s
Render time: 50.483s (25.00% complete, 1.9k rays)
Render time: 53.629s (50.00% complete, 1.9k rays)
Render time: 58.029s (100.00% complete, 3.6k rays)
Radiance Pipeline - incident radiance: 0.005718 +/- 0.0005811 W/str/m^2
Render complete - time elapsed 58.030s - 0.1k rays/s
Render time: 62.656s (25.00% complete, 1.8k rays)
Render time: 68.173s (100.00% complete, 5.6k rays)
Radiance Pipeline - incident radiance: 0.04644 +/- 0.001424 W/str/m^2
Render complete - time elapsed 68.174s - 0.1k rays/s
Render time: 52.028s (25.00% complete, 1.9k rays)
Render time: 56.020s (100.00% complete, 5.8k rays)
Radiance Pipeline - incident radiance: 0.01148 +/- 0.0002776 W/str/m^2
Render complete - time elapsed 56.021s - 0.1k rays/s
Render time: 50.483s (25.00% complete, 2.0k rays)
Render time: 52.122s (75.00% complete, 3.8k rays)
Radiance Pipeline - incident radiance: 0.003586 +/- 0.0003682 W/str/m^2
Render complete - time elapsed 52.492s - 0.1k rays/s
Render time: 29.281s (25.00% complete, 1.8k rays)
Render time: 30.776s (50.00% complete, 1.8k rays)
Render time: 31.982s (75.00% complete, 1.9k rays)
Render time: 33.903s (100.00% complete, 2.0k rays)
Radiance Pipeline - incident radiance: 1270 +/- 57.94 W/str/m^2
Render complete - time elapsed 33.903s - 0.2k rays/s
Render time: 29.648s (25.00% complete, 1.8k rays)
Render time: 31.456s (75.00% complete, 3.6k rays)
Radiance Pipeline - incident radiance: 1.124 +/- 0.1188 W/str/m^2
Render complete - time elapsed 31.577s - 0.2k rays/s
Render time: 48.486s (25.00% complete, 1.6k rays)
Render time: 51.586s (50.00% complete, 1.8k rays)
Render time: 55.344s (100.00% complete, 3.8k rays)
Radiance Pipeline - incident radiance: 10.9 +/- 0.3793 W/str/m^2
Render complete - time elapsed 55.345s - 0.1k rays/s
Render time: 52.227s (25.00% complete, 1.8k rays)
Render time: 54.357s (50.00% complete, 1.9k rays)
Render time: 57.420s (100.00% complete, 3.9k rays)
Radiance Pipeline - incident radiance: 0.05958 +/- 0.006495 W/str/m^2
Render complete - time elapsed 57.420s - 0.1k rays/s
Render time: 2176.912s (25.00% complete, 1.8k rays)
Render time: 2315.086s (50.00% complete, 1.9k rays)
Render time: 2371.080s (75.00% complete, 1.9k rays)
Render time: 2438.730s (100.00% complete, 2.0k rays)
Radiance Pipeline - incident radiance: 0.216 +/- 0.00865 W/str/m^2
Render complete - time elapsed 2438.731s - 0.0k rays/s
KT3 [2.60647, -1.61114]
Render time: 61.389s (25.00% complete, 1.8k rays)
Render time: 63.642s (50.00% complete, 1.9k rays)
Render time: 65.767s (100.00% complete, 3.9k rays)
Radiance Pipeline - incident radiance: 0.06817 +/- 0.0007478 W/str/m^2
Render complete - time elapsed 65.768s - 0.1k rays/s
Render time: 64.136s (25.00% complete, 1.9k rays)
Render time: 65.688s (50.00% complete, 1.9k rays)
Radiance Pipeline - incident radiance: 0.001656 +/- 0.0002351 W/str/m^2
Render complete - time elapsed 66.631s - 0.1k rays/s
Render time: 68.369s (25.00% complete, 1.8k rays)
Render time: 70.621s (50.00% complete, 1.9k rays)
Render time: 73.357s (100.00% complete, 3.8k rays)
Radiance Pipeline - incident radiance: 0.06918 +/- 0.0008738 W/str/m^2
Render complete - time elapsed 73.358s - 0.1k rays/s
Render time: 60.274s (25.00% complete, 1.8k rays)
Render time: 62.794s (75.00% complete, 3.8k rays)
Render time: 64.436s (100.00% complete, 2.0k rays)
Radiance Pipeline - incident radiance: 0.01863 +/- 0.0002122 W/str/m^2
Render complete - time elapsed 64.437s - 0.1k rays/s
Render time: 61.808s (25.00% complete, 1.9k rays)
Render time: 64.940s (100.00% complete, 6.1k rays)
Radiance Pipeline - incident radiance: 0.001094 +/- 0.0001587 W/str/m^2
Render complete - time elapsed 64.941s - 0.1k rays/s
Render time: 33.284s (25.00% complete, 2.0k rays)
Render time: 35.479s (50.00% complete, 1.9k rays)
Render time: 36.856s (100.00% complete, 3.8k rays)
Radiance Pipeline - incident radiance: 1483 +/- 29.78 W/str/m^2
Render complete - time elapsed 36.857s - 0.2k rays/s
Render time: 35.926s (25.00% complete, 1.9k rays)
Render time: 38.618s (100.00% complete, 5.7k rays)
Radiance Pipeline - incident radiance: 0.2633 +/- 0.04276 W/str/m^2
Render complete - time elapsed 38.620s - 0.2k rays/s
Render time: 57.514s (25.00% complete, 1.9k rays)
Render time: 59.781s (50.00% complete, 1.9k rays)
Render time: 61.599s (75.00% complete, 2.0k rays)
Render time: 62.872s (100.00% complete, 2.0k rays)
Radiance Pipeline - incident radiance: 17.11 +/- 0.2474 W/str/m^2
Render complete - time elapsed 62.873s - 0.1k rays/s
Render time: 59.038s (25.00% complete, 2.0k rays)
Render time: 64.310s (75.00% complete, 3.8k rays)
Radiance Pipeline - incident radiance: 0.01647 +/- 0.002336 W/str/m^2
Render complete - time elapsed 64.906s - 0.1k rays/s
Render time: 2455.627s (25.00% complete, 1.8k rays)
Render time: 2492.571s (50.00% complete, 1.8k rays)
Render time: 2645.711s (75.00% complete, 1.9k rays)
Render time: 2695.667s (100.00% complete, 2.1k rays)
Radiance Pipeline - incident radiance: 0.1913 +/- 0.003534 W/str/m^2
Render complete - time elapsed 2695.668s - 0.0k rays/s
KT3 [2.90598, -1.69938]
Render time: 52.146s (25.00% complete, 1.9k rays)
Render time: 53.873s (50.00% complete, 1.8k rays)
Render time: 55.728s (100.00% complete, 3.9k rays)
Radiance Pipeline - incident radiance: 0.05086 +/- 0.00111 W/str/m^2
Render complete - time elapsed 55.728s - 0.1k rays/s
Render time: 51.790s (25.00% complete, 1.7k rays)
Render time: 55.748s (100.00% complete, 5.6k rays)
Radiance Pipeline - incident radiance: 0.006467 +/- 0.0006385 W/str/m^2
Render complete - time elapsed 55.749s - 0.1k rays/s
Render time: 65.622s (25.00% complete, 1.9k rays)
Render time: 67.553s (75.00% complete, 3.7k rays)
Radiance Pipeline - incident radiance: 0.05709 +/- 0.001588 W/str/m^2
Render complete - time elapsed 68.219s - 0.1k rays/s
Render time: 49.924s (25.00% complete, 1.7k rays)
Render time: 52.102s (50.00% complete, 1.7k rays)
Render time: 56.691s (75.00% complete, 1.8k rays)
Render time: 58.317s (100.00% complete, 1.9k rays)
Radiance Pipeline - incident radiance: 0.01336 +/- 0.000285 W/str/m^2
Render complete - time elapsed 58.318s - 0.1k rays/s
Render time: 54.475s (25.00% complete, 1.9k rays)
Render time: 57.149s (50.00% complete, 1.9k rays)
Render time: 58.428s (100.00% complete, 4.0k rays)
Radiance Pipeline - incident radiance: 0.004243 +/- 0.000404 W/str/m^2
Render complete - time elapsed 58.429s - 0.1k rays/s
Render time: 30.154s (25.00% complete, 1.7k rays)
Render time: 33.204s (75.00% complete, 3.7k rays)
Radiance Pipeline - incident radiance: 1573 +/- 77.36 W/str/m^2
Render complete - time elapsed 34.148s - 0.2k rays/s
Render time: 31.636s (25.00% complete, 1.8k rays)
Render time: 33.044s (100.00% complete, 5.6k rays)
Radiance Pipeline - incident radiance: 1.518 +/- 0.1385 W/str/m^2
Render complete - time elapsed 33.044s - 0.2k rays/s
Render time: 50.234s (25.00% complete, 1.8k rays)
Render time: 54.251s (50.00% complete, 2.0k rays)
Render time: 56.375s (100.00% complete, 3.8k rays)
Radiance Pipeline - incident radiance: 13.78 +/- 0.5173 W/str/m^2
Render complete - time elapsed 56.376s - 0.1k rays/s
Render time: 47.746s (25.00% complete, 1.6k rays)
Render time: 52.136s (50.00% complete, 1.8k rays)
Render time: 53.252s (100.00% complete, 3.5k rays)
Radiance Pipeline - incident radiance: 0.06546 +/- 0.006938 W/str/m^2
Render complete - time elapsed 53.252s - 0.1k rays/s
Render time: 2144.451s (25.00% complete, 1.8k rays)
Render time: 2210.709s (50.00% complete, 1.8k rays)
Render time: 2222.187s (75.00% complete, 1.7k rays)
Render time: 2289.731s (100.00% complete, 1.7k rays)
Radiance Pipeline - incident radiance: 0.2344 +/- 0.009653 W/str/m^2
Render complete - time elapsed 2289.732s - 0.0k rays/s
KT3 [2.74741, -1.65266]
Render time: 56.663s (25.00% complete, 1.9k rays)
Render time: 58.119s (50.00% complete, 1.9k rays)
Render time: 60.244s (75.00% complete, 2.0k rays)
Radiance Pipeline - incident radiance: 0.3247 +/- 0.002434 W/str/m^2
Render complete - time elapsed 60.701s - 0.1k rays/s
Render time: 56.307s (25.00% complete, 1.9k rays)
Render time: 57.948s (75.00% complete, 3.9k rays)
Render time: 60.951s (100.00% complete, 2.1k rays)
Radiance Pipeline - incident radiance: 0.005756 +/- 0.0002312 W/str/m^2
Render complete - time elapsed 60.951s - 0.1k rays/s
Render time: 73.647s (25.00% complete, 1.9k rays)
Render time: 74.775s (75.00% complete, 3.9k rays)
Render time: 77.261s (100.00% complete, 2.0k rays)
Radiance Pipeline - incident radiance: 0.3308 +/- 0.002499 W/str/m^2
Render complete - time elapsed 77.262s - 0.1k rays/s
Render time: 54.998s (25.00% complete, 1.7k rays)
Render time: 56.286s (50.00% complete, 1.9k rays)
Render time: 58.947s (100.00% complete, 3.9k rays)
Radiance Pipeline - incident radiance: 0.08285 +/- 0.0005581 W/str/m^2
Render complete - time elapsed 58.947s - 0.1k rays/s
Render time: 52.123s (25.00% complete, 1.8k rays)
Render time: 53.356s (75.00% complete, 3.8k rays)
Render time: 58.653s (100.00% complete, 1.9k rays)
Radiance Pipeline - incident radiance: 0.003536 +/- 0.0001317 W/str/m^2
Render complete - time elapsed 58.653s - 0.1k rays/s
Render time: 32.689s (25.00% complete, 1.9k rays)
Render time: 34.156s (50.00% complete, 2.0k rays)
Radiance Pipeline - incident radiance: 1.104E+04 +/- 106.7 W/str/m^2
Render complete - time elapsed 34.639s - 0.2k rays/s
Render time: 31.180s (25.00% complete, 1.8k rays)
Render time: 33.505s (75.00% complete, 3.8k rays)
Radiance Pipeline - incident radiance: 0.9962 +/- 0.04726 W/str/m^2
Render complete - time elapsed 33.895s - 0.2k rays/s
Render time: 52.049s (25.00% complete, 1.9k rays)
Render time: 53.396s (50.00% complete, 1.8k rays)
Render time: 55.640s (75.00% complete, 2.1k rays)
Render time: 57.763s (100.00% complete, 2.1k rays)
Radiance Pipeline - incident radiance: 104.2 +/- 0.8509 W/str/m^2
Render complete - time elapsed 57.764s - 0.1k rays/s
Render time: 55.471s (25.00% complete, 1.9k rays)
Render time: 57.257s (50.00% complete, 2.0k rays)
Render time: 59.903s (100.00% complete, 4.0k rays)
Radiance Pipeline - incident radiance: 0.04518 +/- 0.003354 W/str/m^2
Render complete - time elapsed 59.904s - 0.1k rays/s
Render time: 2396.154s (25.00% complete, 2.0k rays)
Render time: 2422.986s (50.00% complete, 1.8k rays)
Render time: 2510.701s (75.00% complete, 2.0k rays)
Render time: 2568.032s (100.00% complete, 1.8k rays)
Radiance Pipeline - incident radiance: 0.3723 +/- 0.00461 W/str/m^2
Render complete - time elapsed 2568.033s - 0.0k rays/s
KT3 [2.81789, -1.67343]
Render time: 47.012s (25.00% complete, 1.7k rays)
Render time: 48.358s (75.00% complete, 3.4k rays)
Render time: 49.411s (100.00% complete, 1.8k rays)
Radiance Pipeline - incident radiance: 0.1519 +/- 0.001371 W/str/m^2
Render complete - time elapsed 49.412s - 0.1k rays/s
Render time: 47.287s (25.00% complete, 1.8k rays)
Render time: 48.725s (50.00% complete, 1.9k rays)
Render time: 51.929s (75.00% complete, 1.9k rays)
Render time: 54.559s (100.00% complete, 2.0k rays)
Radiance Pipeline - incident radiance: 0.01122 +/- 0.0001827 W/str/m^2
Render complete - time elapsed 54.560s - 0.1k rays/s
Render time: 62.635s (25.00% complete, 1.8k rays)
Render time: 65.440s (50.00% complete, 1.8k rays)
Render time: 66.517s (75.00% complete, 1.8k rays)
Render time: 68.492s (100.00% complete, 1.8k rays)
Radiance Pipeline - incident radiance: 0.1629 +/- 0.001394 W/str/m^2
Render complete - time elapsed 68.493s - 0.1k rays/s
Render time: 50.632s (25.00% complete, 1.9k rays)
Render time: 52.530s (50.00% complete, 1.9k rays)
Render time: 54.034s (100.00% complete, 3.8k rays)
Radiance Pipeline - incident radiance: 0.03905 +/- 0.000347 W/str/m^2
Render complete - time elapsed 54.034s - 0.1k rays/s
Render time: 47.704s (25.00% complete, 1.8k rays)
Render time: 49.166s (75.00% complete, 3.4k rays)
Render time: 50.866s (100.00% complete, 1.8k rays)
Radiance Pipeline - incident radiance: 0.00712 +/- 0.0001838 W/str/m^2
Render complete - time elapsed 50.867s - 0.1k rays/s
Render time: 28.159s (25.00% complete, 1.8k rays)
Render time: 29.479s (50.00% complete, 1.8k rays)
Render time: 30.983s (100.00% complete, 3.7k rays)
Radiance Pipeline - incident radiance: 4091 +/- 49.98 W/str/m^2
Render complete - time elapsed 30.983s - 0.2k rays/s
Render time: 30.418s (25.00% complete, 2.0k rays)
Render time: 31.902s (75.00% complete, 3.7k rays)
Radiance Pipeline - incident radiance: 1.452 +/- 0.05349 W/str/m^2
Render complete - time elapsed 32.155s - 0.2k rays/s
Render time: 45.877s (25.00% complete, 1.8k rays)
Render time: 48.284s (75.00% complete, 3.6k rays)
Render time: 50.024s (100.00% complete, 1.8k rays)
Radiance Pipeline - incident radiance: 40.57 +/- 0.4428 W/str/m^2
Render complete - time elapsed 50.025s - 0.1k rays/s
Render time: 45.154s (25.00% complete, 1.7k rays)
Render time: 47.787s (75.00% complete, 3.9k rays)
Render time: 49.190s (100.00% complete, 1.9k rays)
Radiance Pipeline - incident radiance: 0.07445 +/- 0.002183 W/str/m^2
Render complete - time elapsed 49.191s - 0.2k rays/s
Render time: 2085.326s (25.00% complete, 1.7k rays)
Render time: 2118.063s (50.00% complete, 1.7k rays)
Render time: 2223.298s (75.00% complete, 1.9k rays)
Render time: 2400.773s (100.00% complete, 1.9k rays)
Radiance Pipeline - incident radiance: 0.271 +/- 0.004364 W/str/m^2
Render complete - time elapsed 2400.773s - 0.0k rays/s
KT3 [2.62408, -1.61633]
Render time: 56.970s (25.00% complete, 1.9k rays)
Render time: 58.500s (50.00% complete, 2.0k rays)
Render time: 60.963s (75.00% complete, 1.9k rays)
Radiance Pipeline - incident radiance: 0.0715 +/- 0.000856 W/str/m^2
Render complete - time elapsed 61.311s - 0.1k rays/s
Render time: 59.644s (25.00% complete, 2.0k rays)
Render time: 62.439s (50.00% complete, 1.9k rays)
Render time: 63.840s (75.00% complete, 2.0k rays)
Radiance Pipeline - incident radiance: 0.001795 +/- 0.0002701 W/str/m^2
Render complete - time elapsed 63.877s - 0.1k rays/s
Render time: 65.475s (25.00% complete, 1.7k rays)
Render time: 70.986s (50.00% complete, 2.0k rays)
Radiance Pipeline - incident radiance: 0.07231 +/- 0.0008477 W/str/m^2
Render complete - time elapsed 71.416s - 0.1k rays/s
Render time: 60.255s (25.00% complete, 1.9k rays)
Render time: 62.184s (75.00% complete, 3.9k rays)
Render time: 65.214s (100.00% complete, 2.1k rays)
Radiance Pipeline - incident radiance: 0.01957 +/- 0.0002241 W/str/m^2
Render complete - time elapsed 65.214s - 0.1k rays/s
Render time: 57.457s (25.00% complete, 1.9k rays)
Render time: 60.889s (50.00% complete, 1.9k rays)
Render time: 62.398s (100.00% complete, 3.7k rays)
Radiance Pipeline - incident radiance: 0.0007698 +/- 0.0001044 W/str/m^2
Render complete - time elapsed 62.398s - 0.1k rays/s
Render time: 34.653s (25.00% complete, 2.0k rays)
Render time: 37.360s (75.00% complete, 4.0k rays)
Render time: 39.132s (100.00% complete, 2.1k rays)
Radiance Pipeline - incident radiance: 1512 +/- 26.3 W/str/m^2
Render complete - time elapsed 39.132s - 0.2k rays/s
Render time: 34.220s (25.00% complete, 1.9k rays)
Render time: 37.011s (50.00% complete, 2.0k rays)
Radiance Pipeline - incident radiance: 0.3523 +/- 0.04297 W/str/m^2
Render complete - time elapsed 38.001s - 0.2k rays/s
Render time: 56.007s (25.00% complete, 1.9k rays)
Render time: 58.317s (50.00% complete, 1.8k rays)
Render time: 60.642s (100.00% complete, 3.7k rays)
Radiance Pipeline - incident radiance: 17.42 +/- 0.2514 W/str/m^2
Render complete - time elapsed 60.643s - 0.1k rays/s
Render time: 57.984s (25.00% complete, 1.8k rays)
Render time: 59.770s (50.00% complete, 1.9k rays)
Render time: 60.971s (75.00% complete, 2.0k rays)
Render time: 62.503s (100.00% complete, 2.0k rays)
Radiance Pipeline - incident radiance: 0.013 +/- 0.002412 W/str/m^2
Render complete - time elapsed 62.504s - 0.1k rays/s
Render time: 2387.836s (25.00% complete, 1.8k rays)
Render time: 2450.925s (75.00% complete, 3.9k rays)
Render time: 2509.064s (100.00% complete, 2.1k rays)
Radiance Pipeline - incident radiance: 0.1796 +/- 0.003165 W/str/m^2
Render complete - time elapsed 2509.065s - 0.0k rays/s
KT3 [2.80027, -1.66823]
Render time: 51.655s (25.00% complete, 1.9k rays)
Render time: 54.783s (50.00% complete, 1.9k rays)
Radiance Pipeline - incident radiance: 0.2059 +/- 0.001739 W/str/m^2
Render complete - time elapsed 55.417s - 0.1k rays/s
Render time: 46.631s (25.00% complete, 1.7k rays)
Render time: 49.565s (50.00% complete, 1.7k rays)
Render time: 51.095s (75.00% complete, 1.7k rays)
Render time: 53.953s (100.00% complete, 2.0k rays)
Radiance Pipeline - incident radiance: 0.01149 +/- 0.0002706 W/str/m^2
Render complete - time elapsed 53.954s - 0.1k rays/s
Render time: 64.443s (25.00% complete, 1.8k rays)
Render time: 67.125s (50.00% complete, 1.9k rays)
Render time: 70.005s (100.00% complete, 3.7k rays)
Radiance Pipeline - incident radiance: 0.2141 +/- 0.001834 W/str/m^2
Render complete - time elapsed 70.005s - 0.1k rays/s
Render time: 49.933s (25.00% complete, 1.8k rays)
Render time: 51.781s (75.00% complete, 3.8k rays)
Render time: 54.178s (100.00% complete, 1.9k rays)
Radiance Pipeline - incident radiance: 0.05074 +/- 0.0004185 W/str/m^2
Render complete - time elapsed 54.179s - 0.1k rays/s
Render time: 49.667s (25.00% complete, 1.8k rays)
Render time: 50.990s (50.00% complete, 1.8k rays)
Render time: 52.090s (75.00% complete, 1.9k rays)
Radiance Pipeline - incident radiance: 0.007053 +/- 0.0001702 W/str/m^2
Render complete - time elapsed 52.931s - 0.1k rays/s
Render time: 28.644s (25.00% complete, 1.7k rays)
Render time: 32.337s (50.00% complete, 2.0k rays)
Radiance Pipeline - incident radiance: 6292 +/- 74.5 W/str/m^2
Render complete - time elapsed 32.655s - 0.2k rays/s
Render time: 28.777s (25.00% complete, 1.7k rays)
Render time: 31.823s (75.00% complete, 3.6k rays)
Render time: 32.924s (100.00% complete, 1.8k rays)
Radiance Pipeline - incident radiance: 1.564 +/- 0.05196 W/str/m^2
Render complete - time elapsed 32.925s - 0.2k rays/s
Render time: 46.729s (25.00% complete, 1.7k rays)
Render time: 49.730s (50.00% complete, 1.8k rays)
Render time: 52.344s (100.00% complete, 3.7k rays)
Radiance Pipeline - incident radiance: 61.48 +/- 0.6547 W/str/m^2
Render complete - time elapsed 52.345s - 0.1k rays/s
Render time: 47.922s (25.00% complete, 1.8k rays)
Render time: 48.959s (75.00% complete, 3.5k rays)
Radiance Pipeline - incident radiance: 0.07823 +/- 0.002164 W/str/m^2
Render complete - time elapsed 49.252s - 0.1k rays/s
Render time: 2362.528s (25.00% complete, 1.9k rays)
Render time: 2532.848s (50.00% complete, 1.9k rays)
Render time: 2571.530s (75.00% complete, 2.0k rays)
Render time: 2639.778s (100.00% complete, 2.0k rays)
Radiance Pipeline - incident radiance: 0.3273 +/- 0.00401 W/str/m^2
Render complete - time elapsed 2639.779s - 0.0k rays/s
KT3 [2.58885, -1.60595]
Render time: 59.362s (25.00% complete, 1.9k rays)
Render time: 60.895s (75.00% complete, 3.8k rays)
Render time: 62.604s (100.00% complete, 2.1k rays)
Radiance Pipeline - incident radiance: 0.05784 +/- 0.0007758 W/str/m^2
Render complete - time elapsed 62.605s - 0.1k rays/s
Render time: 61.160s (25.00% complete, 1.9k rays)
Render time: 62.303s (50.00% complete, 1.9k rays)
Render time: 63.584s (75.00% complete, 2.0k rays)
Radiance Pipeline - incident radiance: 0.00158 +/- 0.0002041 W/str/m^2
Render complete - time elapsed 64.229s - 0.1k rays/s
Render time: 63.773s (25.00% complete, 1.8k rays)
Render time: 68.972s (50.00% complete, 1.9k rays)
Render time: 71.298s (75.00% complete, 2.1k rays)
Radiance Pipeline - incident radiance: 0.06025 +/- 0.0009027 W/str/m^2
Render complete - time elapsed 71.857s - 0.1k rays/s
Render time: 56.936s (25.00% complete, 1.9k rays)
Render time: 58.682s (50.00% complete, 1.9k rays)
Render time: 60.131s (75.00% complete, 1.8k rays)
Render time: 64.208s (100.00% complete, 2.0k rays)
Radiance Pipeline - incident radiance: 0.01564 +/- 0.0002112 W/str/m^2
Render complete - time elapsed 64.208s - 0.1k rays/s
Render time: 57.991s (25.00% complete, 1.8k rays)
Render time: 59.519s (75.00% complete, 3.9k rays)
Render time: 61.387s (100.00% complete, 2.0k rays)
Radiance Pipeline - incident radiance: 0.001062 +/- 0.0001367 W/str/m^2
Render complete - time elapsed 61.387s - 0.1k rays/s
Render time: 33.600s (25.00% complete, 1.8k rays)
Render time: 35.040s (50.00% complete, 1.9k rays)
Radiance Pipeline - incident radiance: 1309 +/- 36.16 W/str/m^2
Render complete - time elapsed 35.926s - 0.2k rays/s
Render time: 35.374s (25.00% complete, 1.9k rays)
Render time: 38.245s (75.00% complete, 3.8k rays)
Radiance Pipeline - incident radiance: 0.3135 +/- 0.07408 W/str/m^2
Render complete - time elapsed 38.854s - 0.2k rays/s
Render time: 57.102s (25.00% complete, 2.0k rays)
Render time: 59.534s (50.00% complete, 1.9k rays)
Render time: 61.876s (75.00% complete, 2.0k rays)
Render time: 63.891s (100.00% complete, 2.0k rays)
Radiance Pipeline - incident radiance: 14.8 +/- 0.2573 W/str/m^2
Render complete - time elapsed 63.892s - 0.1k rays/s
Render time: 58.154s (25.00% complete, 2.0k rays)
Render time: 59.734s (75.00% complete, 3.9k rays)
Render time: 63.587s (100.00% complete, 2.2k rays)
Radiance Pipeline - incident radiance: 0.01737 +/- 0.002912 W/str/m^2
Render complete - time elapsed 63.588s - 0.1k rays/s
Render time: 2547.656s (25.00% complete, 2.0k rays)
Render time: 2587.382s (75.00% complete, 3.9k rays)
Render time: 2750.012s (100.00% complete, 2.1k rays)
Radiance Pipeline - incident radiance: 0.1997 +/- 0.005384 W/str/m^2
Render complete - time elapsed 2750.013s - 0.0k rays/s
KT3 [2.67694, -1.6319]
Render time: 58.388s (25.00% complete, 1.9k rays)
Render time: 61.093s (50.00% complete, 2.0k rays)
Render time: 62.748s (75.00% complete, 1.9k rays)
Render time: 63.948s (100.00% complete, 2.0k rays)
Radiance Pipeline - incident radiance: 0.09304 +/- 0.001232 W/str/m^2
Render complete - time elapsed 63.949s - 0.1k rays/s
Render time: 59.238s (25.00% complete, 2.0k rays)
Render time: 60.638s (50.00% complete, 1.9k rays)
Render time: 61.962s (75.00% complete, 1.8k rays)
Render time: 64.978s (100.00% complete, 2.1k rays)
Radiance Pipeline - incident radiance: 0.001592 +/- 0.0001986 W/str/m^2
Render complete - time elapsed 64.979s - 0.1k rays/s
Render time: 73.436s (25.00% complete, 1.9k rays)
Render time: 75.681s (75.00% complete, 3.7k rays)
Render time: 79.440s (100.00% complete, 2.0k rays)
Radiance Pipeline - incident radiance: 0.09471 +/- 0.001268 W/str/m^2
Render complete - time elapsed 79.440s - 0.1k rays/s
Render time: 58.901s (25.00% complete, 1.8k rays)
Render time: 60.504s (75.00% complete, 3.9k rays)
Render time: 64.851s (100.00% complete, 2.0k rays)
Radiance Pipeline - incident radiance: 0.02436 +/- 0.000307 W/str/m^2
Render complete - time elapsed 64.852s - 0.1k rays/s
Render time: 59.138s (25.00% complete, 1.8k rays)
Render time: 62.227s (50.00% complete, 1.9k rays)
Radiance Pipeline - incident radiance: 0.0008253 +/- 7.445E-05 W/str/m^2
Render complete - time elapsed 63.228s - 0.1k rays/s
Render time: 33.134s (25.00% complete, 1.8k rays)
Render time: 34.512s (50.00% complete, 1.8k rays)
Render time: 35.814s (100.00% complete, 3.6k rays)
Radiance Pipeline - incident radiance: 2048 +/- 33.8 W/str/m^2
Render complete - time elapsed 35.814s - 0.2k rays/s
Render time: 35.281s (25.00% complete, 1.8k rays)
Render time: 36.676s (100.00% complete, 5.8k rays)
Radiance Pipeline - incident radiance: 0.3757 +/- 0.04315 W/str/m^2
Render complete - time elapsed 36.677s - 0.2k rays/s
Render time: 57.831s (25.00% complete, 1.9k rays)
Render time: 59.057s (50.00% complete, 1.8k rays)
Render time: 60.858s (100.00% complete, 3.9k rays)
Radiance Pipeline - incident radiance: 23.05 +/- 0.3456 W/str/m^2
Render complete - time elapsed 60.858s - 0.1k rays/s
Render time: 56.179s (25.00% complete, 1.8k rays)
Render time: 59.330s (50.00% complete, 1.8k rays)
Radiance Pipeline - incident radiance: 0.01464 +/- 0.001861 W/str/m^2
Render complete - time elapsed 59.847s - 0.1k rays/s
Render time: 2498.726s (25.00% complete, 2.0k rays)
Render time: 2647.255s (50.00% complete, 2.0k rays)
Render time: 2677.832s (75.00% complete, 1.9k rays)
Render time: 2686.424s (100.00% complete, 2.0k rays)
Radiance Pipeline - incident radiance: 0.2176 +/- 0.004209 W/str/m^2
Render complete - time elapsed 2686.425s - 0.0k rays/s
KT3 [2.72979, -1.64747]
Render time: 58.377s (25.00% complete, 2.0k rays)
Render time: 60.198s (50.00% complete, 2.0k rays)
Radiance Pipeline - incident radiance: 0.2335 +/- 0.002225 W/str/m^2
Render complete - time elapsed 61.120s - 0.1k rays/s
Render time: 59.079s (25.00% complete, 1.8k rays)
Render time: 62.514s (100.00% complete, 5.8k rays)
Radiance Pipeline - incident radiance: 0.003659 +/- 0.0002089 W/str/m^2
Render complete - time elapsed 62.515s - 0.1k rays/s
Render time: 72.465s (25.00% complete, 2.0k rays)
Render time: 76.404s (50.00% complete, 2.0k rays)
Render time: 79.573s (100.00% complete, 4.1k rays)
Radiance Pipeline - incident radiance: 0.2405 +/- 0.002292 W/str/m^2
Render complete - time elapsed 79.574s - 0.1k rays/s
Render time: 56.971s (25.00% complete, 1.8k rays)
Render time: 59.355s (100.00% complete, 5.7k rays)
Radiance Pipeline - incident radiance: 0.06127 +/- 0.000608 W/str/m^2
Render complete - time elapsed 59.355s - 0.1k rays/s
Render time: 58.708s (25.00% complete, 1.9k rays)
Render time: 59.923s (100.00% complete, 5.9k rays)
Radiance Pipeline - incident radiance: 0.002258 +/- 0.0001384 W/str/m^2
Render complete - time elapsed 59.923s - 0.1k rays/s
Render time: 34.023s (25.00% complete, 1.9k rays)
Render time: 36.166s (100.00% complete, 5.6k rays)
Radiance Pipeline - incident radiance: 6800 +/- 80.8 W/str/m^2
Render complete - time elapsed 36.167s - 0.2k rays/s
Render time: 31.388s (25.00% complete, 1.8k rays)
Render time: 35.271s (50.00% complete, 2.0k rays)
Render time: 36.967s (75.00% complete, 1.9k rays)
Render time: 38.623s (100.00% complete, 2.1k rays)
Radiance Pipeline - incident radiance: 0.6586 +/- 0.03357 W/str/m^2
Render complete - time elapsed 38.623s - 0.2k rays/s
Render time: 51.573s (25.00% complete, 1.8k rays)
Render time: 52.918s (50.00% complete, 1.9k rays)
Render time: 56.680s (75.00% complete, 1.9k rays)
Render time: 61.509s (100.00% complete, 2.0k rays)
Radiance Pipeline - incident radiance: 67.91 +/- 0.7643 W/str/m^2
Render complete - time elapsed 61.509s - 0.1k rays/s
Render time: 54.265s (25.00% complete, 1.8k rays)
Render time: 55.440s (50.00% complete, 1.9k rays)
Render time: 57.291s (75.00% complete, 2.0k rays)
Radiance Pipeline - incident radiance: 0.02506 +/- 0.001545 W/str/m^2
Render complete - time elapsed 57.847s - 0.1k rays/s
Render time: 2556.470s (25.00% complete, 2.0k rays)
Render time: 2557.875s (50.00% complete, 2.0k rays)
Render time: 2603.516s (75.00% complete, 1.9k rays)
Render time: 2650.698s (100.00% complete, 2.1k rays)
Radiance Pipeline - incident radiance: 0.3217 +/- 0.003743 W/str/m^2
Render complete - time elapsed 2650.698s - 0.0k rays/s
KT3 [2.69456, -1.63709]
Render time: 54.805s (25.00% complete, 1.8k rays)
Render time: 58.118s (50.00% complete, 1.9k rays)
Render time: 59.443s (75.00% complete, 1.8k rays)
Radiance Pipeline - incident radiance: 0.117 +/- 0.001432 W/str/m^2
Render complete - time elapsed 60.292s - 0.1k rays/s
Render time: 60.002s (25.00% complete, 1.9k rays)
Render time: 61.945s (75.00% complete, 3.9k rays)
Render time: 64.121s (100.00% complete, 2.0k rays)
Radiance Pipeline - incident radiance: 0.001698 +/- 0.0001469 W/str/m^2
Render complete - time elapsed 64.121s - 0.1k rays/s
Render time: 71.608s (25.00% complete, 1.9k rays)
Render time: 73.256s (75.00% complete, 4.0k rays)
Render time: 79.306s (100.00% complete, 2.0k rays)
Radiance Pipeline - incident radiance: 0.1168 +/- 0.001435 W/str/m^2
Render complete - time elapsed 79.306s - 0.1k rays/s
Render time: 59.818s (25.00% complete, 2.0k rays)
Render time: 61.639s (75.00% complete, 3.8k rays)
Render time: 63.260s (100.00% complete, 1.9k rays)
Radiance Pipeline - incident radiance: 0.03104 +/- 0.0003653 W/str/m^2
Render complete - time elapsed 63.261s - 0.1k rays/s
Render time: 58.194s (25.00% complete, 1.9k rays)
Render time: 59.622s (75.00% complete, 3.8k rays)
Render time: 63.670s (100.00% complete, 2.0k rays)
Radiance Pipeline - incident radiance: 0.001173 +/- 0.0001163 W/str/m^2
Render complete - time elapsed 63.671s - 0.1k rays/s
Render time: 33.010s (25.00% complete, 1.8k rays)
Render time: 34.437s (75.00% complete, 3.6k rays)
Radiance Pipeline - incident radiance: 2823 +/- 49.75 W/str/m^2
Render complete - time elapsed 34.682s - 0.2k rays/s
Render time: 34.347s (25.00% complete, 1.9k rays)
Render time: 35.419s (100.00% complete, 5.6k rays)
Radiance Pipeline - incident radiance: 0.3504 +/- 0.02824 W/str/m^2
Render complete - time elapsed 35.422s - 0.2k rays/s
Render time: 54.716s (25.00% complete, 1.8k rays)
Render time: 57.663s (50.00% complete, 2.1k rays)
Render time: 59.168s (100.00% complete, 3.9k rays)
Radiance Pipeline - incident radiance: 31.31 +/- 0.4289 W/str/m^2
Render complete - time elapsed 59.169s - 0.1k rays/s
Render time: 58.849s (25.00% complete, 1.9k rays)
Render time: 62.131s (100.00% complete, 5.8k rays)
Radiance Pipeline - incident radiance: 0.01448 +/- 0.001989 W/str/m^2
Render complete - time elapsed 62.131s - 0.1k rays/s
Render time: 2460.777s (25.00% complete, 1.9k rays)
Render time: 2491.078s (50.00% complete, 1.9k rays)
Render time: 2532.188s (75.00% complete, 1.9k rays)
Render time: 2727.613s (100.00% complete, 2.0k rays)
Radiance Pipeline - incident radiance: 0.2353 +/- 0.003218 W/str/m^2
Render complete - time elapsed 2727.614s - 0.0k rays/s
KT3 [2.71218, -1.64228]
Render time: 57.840s (25.00% complete, 2.0k rays)
Render time: 61.308s (50.00% complete, 2.0k rays)
Radiance Pipeline - incident radiance: 0.162 +/- 0.001834 W/str/m^2
Render complete - time elapsed 62.222s - 0.1k rays/s
Render time: 58.772s (25.00% complete, 1.9k rays)
Render time: 61.888s (75.00% complete, 3.7k rays)
Radiance Pipeline - incident radiance: 0.002432 +/- 0.0001899 W/str/m^2
Render complete - time elapsed 62.564s - 0.1k rays/s
Render time: 70.618s (25.00% complete, 1.9k rays)
Render time: 72.297s (50.00% complete, 2.0k rays)
Render time: 77.070s (100.00% complete, 3.9k rays)
Radiance Pipeline - incident radiance: 0.1663 +/- 0.001915 W/str/m^2
Render complete - time elapsed 77.071s - 0.1k rays/s
Render time: 57.174s (25.00% complete, 1.8k rays)
Render time: 59.610s (50.00% complete, 1.9k rays)
Render time: 64.133s (75.00% complete, 2.1k rays)
Render time: 66.197s (100.00% complete, 2.1k rays)
Radiance Pipeline - incident radiance: 0.0432 +/- 0.0004645 W/str/m^2
Render complete - time elapsed 66.197s - 0.1k rays/s
Render time: 58.655s (25.00% complete, 2.0k rays)
Render time: 60.395s (75.00% complete, 3.9k rays)
Render time: 63.184s (100.00% complete, 2.0k rays)
Radiance Pipeline - incident radiance: 0.001487 +/- 0.000104 W/str/m^2
Render complete - time elapsed 63.185s - 0.1k rays/s
Render time: 34.297s (25.00% complete, 1.9k rays)
Render time: 35.461s (75.00% complete, 3.8k rays)
Render time: 37.748s (100.00% complete, 2.0k rays)
Radiance Pipeline - incident radiance: 4190 +/- 56.3 W/str/m^2
Render complete - time elapsed 37.749s - 0.2k rays/s
Render time: 35.169s (25.00% complete, 1.9k rays)
Radiance Pipeline - incident radiance: 0.5083 +/- 0.04419 W/str/m^2
Render complete - time elapsed 35.777s - 0.2k rays/s
Render time: 56.624s (25.00% complete, 1.9k rays)
Render time: 62.188s (50.00% complete, 2.1k rays)
Render time: 64.290s (100.00% complete, 3.9k rays)
Radiance Pipeline - incident radiance: 45.26 +/- 0.5544 W/str/m^2
Render complete - time elapsed 64.291s - 0.1k rays/s
Render time: 58.639s (25.00% complete, 2.0k rays)
Render time: 61.056s (50.00% complete, 2.0k rays)
Render time: 62.696s (100.00% complete, 4.0k rays)
Radiance Pipeline - incident radiance: 0.02098 +/- 0.001783 W/str/m^2
Render complete - time elapsed 62.697s - 0.1k rays/s
Render time: 2503.055s (25.00% complete, 1.9k rays)
Render time: 2654.029s (50.00% complete, 1.9k rays)
Render time: 2675.443s (75.00% complete, 1.8k rays)
Render time: 2681.735s (100.00% complete, 2.0k rays)
Radiance Pipeline - incident radiance: 0.2763 +/- 0.004625 W/str/m^2
Render complete - time elapsed 2681.736s - 0.0k rays/s
KT3 [2.55361, -1.59557]
Render time: 40.378s (25.00% complete, 1.8k rays)
Render time: 41.628s (50.00% complete, 1.8k rays)
Render time: 44.049s (75.00% complete, 1.7k rays)
Radiance Pipeline - incident radiance: 0.03192 +/- 0.0006783 W/str/m^2
Render complete - time elapsed 44.727s - 0.2k rays/s
Render time: 41.220s (25.00% complete, 1.6k rays)
Render time: 44.772s (75.00% complete, 3.5k rays)
Radiance Pipeline - incident radiance: 0.007205 +/- 0.0009856 W/str/m^2
Render complete - time elapsed 45.250s - 0.2k rays/s
Render time: 48.551s (25.00% complete, 1.8k rays)
Render time: 50.334s (50.00% complete, 1.8k rays)
Render time: 53.710s (100.00% complete, 3.6k rays)
Radiance Pipeline - incident radiance: 0.03711 +/- 0.00124 W/str/m^2
Render complete - time elapsed 53.711s - 0.1k rays/s
Render time: 43.658s (25.00% complete, 1.8k rays)
Render time: 45.372s (75.00% complete, 3.5k rays)
Radiance Pipeline - incident radiance: 0.008297 +/- 0.0001808 W/str/m^2
Render complete - time elapsed 46.018s - 0.2k rays/s
Render time: 41.510s (25.00% complete, 1.7k rays)
Render time: 42.817s (50.00% complete, 1.9k rays)
Render time: 44.143s (100.00% complete, 3.4k rays)
Radiance Pipeline - incident radiance: 0.00305 +/- 0.0004473 W/str/m^2
Render complete - time elapsed 44.144s - 0.2k rays/s
Render time: 25.859s (25.00% complete, 1.8k rays)
Render time: 26.928s (50.00% complete, 1.6k rays)
Render time: 28.600s (100.00% complete, 3.7k rays)
Radiance Pipeline - incident radiance: 1024 +/- 54.19 W/str/m^2
Render complete - time elapsed 28.600s - 0.2k rays/s
Render time: 24.999s (25.00% complete, 1.7k rays)
Render time: 26.516s (50.00% complete, 1.8k rays)
Radiance Pipeline - incident radiance: 1.004 +/- 0.1466 W/str/m^2
Render complete - time elapsed 27.111s - 0.3k rays/s
Render time: 39.803s (25.00% complete, 1.6k rays)
Render time: 43.533s (75.00% complete, 3.5k rays)
Radiance Pipeline - incident radiance: 9.274 +/- 0.3403 W/str/m^2
Render complete - time elapsed 43.815s - 0.2k rays/s
Render time: 42.451s (25.00% complete, 1.7k rays)
Render time: 43.762s (50.00% complete, 1.8k rays)
Render time: 45.078s (75.00% complete, 1.8k rays)
Radiance Pipeline - incident radiance: 0.05123 +/- 0.007124 W/str/m^2
Render complete - time elapsed 45.949s - 0.2k rays/s
Render time: 1664.498s (25.00% complete, 1.9k rays)
Render time: 1772.570s (50.00% complete, 1.8k rays)
Render time: 1820.264s (75.00% complete, 1.9k rays)
Render time: 1835.121s (100.00% complete, 1.7k rays)
Radiance Pipeline - incident radiance: 0.2093 +/- 0.01066 W/str/m^2
Render complete - time elapsed 1835.122s - 0.0k rays/s
KT3 [2.88836, -1.69419]
Render time: 52.144s (25.00% complete, 1.9k rays)
Render time: 54.359s (100.00% complete, 5.3k rays)
Radiance Pipeline - incident radiance: 0.0632 +/- 0.001374 W/str/m^2
Render complete - time elapsed 54.360s - 0.1k rays/s
Render time: 50.080s (25.00% complete, 1.8k rays)
Render time: 53.225s (75.00% complete, 3.6k rays)
Render time: 55.570s (100.00% complete, 1.9k rays)
Radiance Pipeline - incident radiance: 0.008663 +/- 0.0008126 W/str/m^2
Render complete - time elapsed 55.571s - 0.1k rays/s
Render time: 59.037s (25.00% complete, 1.7k rays)
Render time: 61.556s (50.00% complete, 1.8k rays)
Render time: 65.393s (75.00% complete, 1.8k rays)
Radiance Pipeline - incident radiance: 0.07134 +/- 0.002024 W/str/m^2
Render complete - time elapsed 66.132s - 0.1k rays/s
Render time: 48.941s (25.00% complete, 1.8k rays)
Render time: 50.846s (50.00% complete, 1.7k rays)
Render time: 51.943s (100.00% complete, 3.8k rays)
Radiance Pipeline - incident radiance: 0.01648 +/- 0.0003471 W/str/m^2
Render complete - time elapsed 51.943s - 0.1k rays/s
Render time: 48.126s (25.00% complete, 1.7k rays)
Render time: 52.625s (50.00% complete, 1.8k rays)
Radiance Pipeline - incident radiance: 0.005956 +/- 0.0005607 W/str/m^2
Render complete - time elapsed 53.316s - 0.1k rays/s
Render time: 28.484s (25.00% complete, 1.8k rays)
Render time: 30.101s (50.00% complete, 1.8k rays)
Radiance Pipeline - incident radiance: 1909 +/- 84.25 W/str/m^2
Render complete - time elapsed 30.519s - 0.2k rays/s
Render time: 28.970s (25.00% complete, 1.8k rays)
Render time: 30.700s (100.00% complete, 5.5k rays)
Radiance Pipeline - incident radiance: 1.666 +/- 0.1437 W/str/m^2
Render complete - time elapsed 30.701s - 0.2k rays/s
Render time: 49.494s (25.00% complete, 1.8k rays)
Render time: 50.533s (50.00% complete, 1.9k rays)
Render time: 51.687s (100.00% complete, 3.8k rays)
Radiance Pipeline - incident radiance: 16.78 +/- 0.486 W/str/m^2
Render complete - time elapsed 51.688s - 0.1k rays/s
Render time: 45.985s (25.00% complete, 1.8k rays)
Render time: 50.383s (75.00% complete, 3.5k rays)
Render time: 51.472s (100.00% complete, 1.8k rays)
Radiance Pipeline - incident radiance: 0.103 +/- 0.009734 W/str/m^2
Render complete - time elapsed 51.473s - 0.1k rays/s
Render time: 2188.551s (25.00% complete, 1.7k rays)
Render time: 2334.505s (50.00% complete, 1.8k rays)
Render time: 2396.035s (75.00% complete, 1.9k rays)
Render time: 2404.431s (100.00% complete, 1.9k rays)
Radiance Pipeline - incident radiance: 0.2539 +/- 0.01254 W/str/m^2
Render complete - time elapsed 2404.432s - 0.0k rays/s
KT3 [2.76503, -1.65785]
Render time: 51.486s (25.00% complete, 1.8k rays)
Render time: 52.814s (50.00% complete, 1.8k rays)
Render time: 54.788s (75.00% complete, 1.9k rays)
Render time: 56.325s (100.00% complete, 1.9k rays)
Radiance Pipeline - incident radiance: 0.355 +/- 0.002134 W/str/m^2
Render complete - time elapsed 56.325s - 0.1k rays/s
Render time: 50.712s (25.00% complete, 1.8k rays)
Render time: 53.734s (50.00% complete, 1.9k rays)
Render time: 56.987s (100.00% complete, 3.8k rays)
Radiance Pipeline - incident radiance: 0.008753 +/- 0.0001896 W/str/m^2
Render complete - time elapsed 56.987s - 0.1k rays/s
Render time: 71.415s (25.00% complete, 1.8k rays)
Render time: 73.952s (50.00% complete, 2.0k rays)
Render time: 77.544s (100.00% complete, 4.1k rays)
Radiance Pipeline - incident radiance: 0.3662 +/- 0.002193 W/str/m^2
Render complete - time elapsed 77.545s - 0.1k rays/s
Render time: 55.245s (25.00% complete, 1.9k rays)
Render time: 56.462s (75.00% complete, 3.9k rays)
Radiance Pipeline - incident radiance: 0.09063 +/- 0.0005462 W/str/m^2
Render complete - time elapsed 57.171s - 0.1k rays/s
Render time: 52.639s (25.00% complete, 1.9k rays)
Render time: 54.855s (50.00% complete, 1.9k rays)
Render time: 56.698s (100.00% complete, 3.8k rays)
Radiance Pipeline - incident radiance: 0.005438 +/- 0.0001463 W/str/m^2
Render complete - time elapsed 56.698s - 0.1k rays/s
Render time: 30.867s (25.00% complete, 1.8k rays)
Render time: 33.414s (50.00% complete, 1.9k rays)
Radiance Pipeline - incident radiance: 1.311E+04 +/- 93.08 W/str/m^2
Render complete - time elapsed 33.990s - 0.2k rays/s
Render time: 30.972s (25.00% complete, 1.9k rays)
Render time: 32.446s (50.00% complete, 1.7k rays)
Render time: 33.461s (75.00% complete, 1.9k rays)
Radiance Pipeline - incident radiance: 1.347 +/- 0.04064 W/str/m^2
Render complete - time elapsed 34.311s - 0.2k rays/s
Render time: 49.730s (25.00% complete, 1.8k rays)
Render time: 54.174s (75.00% complete, 3.9k rays)
Radiance Pipeline - incident radiance: 117.4 +/- 0.7166 W/str/m^2
Render complete - time elapsed 54.841s - 0.1k rays/s
Render time: 52.752s (25.00% complete, 1.8k rays)
Render time: 53.971s (50.00% complete, 1.8k rays)
Render time: 56.090s (75.00% complete, 1.9k rays)
Radiance Pipeline - incident radiance: 0.06264 +/- 0.002062 W/str/m^2
Render complete - time elapsed 57.014s - 0.1k rays/s
Render time: 2436.059s (25.00% complete, 1.8k rays)
Render time: 2463.402s (50.00% complete, 1.8k rays)
Render time: 2485.433s (75.00% complete, 2.0k rays)
Render time: 2528.305s (100.00% complete, 1.8k rays)
Radiance Pipeline - incident radiance: 0.4121 +/- 0.003633 W/str/m^2
Render complete - time elapsed 2528.306s - 0.0k rays/s
KT3 [2.83551, -1.67862]
Render time: 51.006s (25.00% complete, 1.8k rays)
Render time: 52.483s (50.00% complete, 2.0k rays)
Render time: 55.962s (75.00% complete, 2.0k rays)
Radiance Pipeline - incident radiance: 0.116 +/- 0.001424 W/str/m^2
Render complete - time elapsed 56.743s - 0.1k rays/s
Render time: 54.735s (25.00% complete, 1.9k rays)
Render time: 55.866s (100.00% complete, 6.0k rays)
Radiance Pipeline - incident radiance: 0.00997 +/- 0.0001667 W/str/m^2
Render complete - time elapsed 55.866s - 0.1k rays/s
Render time: 68.800s (25.00% complete, 1.9k rays)
Render time: 70.437s (50.00% complete, 1.9k rays)
Render time: 72.022s (100.00% complete, 3.9k rays)
Radiance Pipeline - incident radiance: 0.1275 +/- 0.00151 W/str/m^2
Render complete - time elapsed 72.023s - 0.1k rays/s
Render time: 53.248s (25.00% complete, 2.0k rays)
Render time: 55.243s (50.00% complete, 1.8k rays)
Render time: 59.379s (100.00% complete, 3.9k rays)
Radiance Pipeline - incident radiance: 0.02919 +/- 0.0003486 W/str/m^2
Render complete - time elapsed 59.380s - 0.1k rays/s
Render time: 52.331s (25.00% complete, 1.9k rays)
Render time: 54.823s (50.00% complete, 2.0k rays)
Render time: 57.826s (75.00% complete, 2.0k rays)
Render time: 59.306s (100.00% complete, 2.0k rays)
Radiance Pipeline - incident radiance: 0.006295 +/- 0.0001651 W/str/m^2
Render complete - time elapsed 59.307s - 0.1k rays/s
Render time: 34.758s (25.00% complete, 2.0k rays)
Render time: 36.400s (75.00% complete, 4.0k rays)
Radiance Pipeline - incident radiance: 2951 +/- 48.46 W/str/m^2
Render complete - time elapsed 37.206s - 0.2k rays/s
Render time: 33.600s (25.00% complete, 2.0k rays)
Render time: 35.460s (100.00% complete, 6.0k rays)
Radiance Pipeline - incident radiance: 1.167 +/- 0.03663 W/str/m^2
Render complete - time elapsed 35.460s - 0.2k rays/s
Render time: 50.663s (25.00% complete, 1.8k rays)
Render time: 52.754s (50.00% complete, 1.9k rays)
Render time: 55.172s (100.00% complete, 3.8k rays)
Radiance Pipeline - incident radiance: 30.16 +/- 0.4249 W/str/m^2
Render complete - time elapsed 55.173s - 0.1k rays/s
Render time: 48.329s (25.00% complete, 1.7k rays)
Render time: 53.977s (50.00% complete, 1.9k rays)
Render time: 57.343s (100.00% complete, 3.9k rays)
Radiance Pipeline - incident radiance: 0.0665 +/- 0.00248 W/str/m^2
Render complete - time elapsed 57.344s - 0.1k rays/s
Render time: 2416.393s (25.00% complete, 1.9k rays)
Render time: 2521.557s (50.00% complete, 1.9k rays)
Render time: 2678.500s (75.00% complete, 2.0k rays)
Render time: 2695.706s (100.00% complete, 2.0k rays)
Radiance Pipeline - incident radiance: 0.2491 +/- 0.004647 W/str/m^2
Render complete - time elapsed 2695.707s - 0.0k rays/s
Fitting Stark broadened H6-2 spectra, LOS id= : KT3   7
Fitting Stark broadened H6-2 spectra, LOS id= : KT3   14
Fitting Stark broadened H6-2 spectra, LOS id= : KT3   2
Fitting Stark broadened H6-2 spectra, LOS id= : KT3   19
Fitting Stark broadened H6-2 spectra, LOS id= : KT3   18
Fitting Stark broadened H6-2 spectra, LOS id= : KT3   6
Fitting Stark broadened H6-2 spectra, LOS id= : KT3   22
Fitting Stark broadened H6-2 spectra, LOS id= : KT3   4
Fitting Stark broadened H6-2 spectra, LOS id= : KT3   21
Fitting Stark broadened H6-2 spectra, LOS id= : KT3   12
Fitting Stark broadened H6-2 spectra, LOS id= : KT3   16
Fitting Stark broadened H6-2 spectra, LOS id= : KT3   5
Fitting Stark broadened H6-2 spectra, LOS id= : KT3   15
Fitting Stark broadened H6-2 spectra, LOS id= : KT3   20
Fitting Stark broadened H6-2 spectra, LOS id= : KT3   3
Fitting Stark broadened H6-2 spectra, LOS id= : KT3   8
Fitting Stark broadened H6-2 spectra, LOS id= : KT3   17
Fitting Stark broadened H6-2 spectra, LOS id= : KT3   11
Fitting Stark broadened H6-2 spectra, LOS id= : KT3   10
Fitting Stark broadened H6-2 spectra, LOS id= : KT3   1
Fitting Stark broadened H6-2 spectra, LOS id= : KT3   13
Fitting Stark broadened H6-2 spectra, LOS id= : KT3   9
Fitting ff+fb continuum spectra, LOS id= : KT3   7
Fitting ff+fb continuum spectra, LOS id= : KT3   14
Fitting ff+fb continuum spectra, LOS id= : KT3   2
Fitting ff+fb continuum spectra, LOS id= : KT3   19
Fitting ff+fb continuum spectra, LOS id= : KT3   18
Fitting ff+fb continuum spectra, LOS id= : KT3   6
Fitting ff+fb continuum spectra, LOS id= : KT3   22
Fitting ff+fb continuum spectra, LOS id= : KT3   4
Fitting ff+fb continuum spectra, LOS id= : KT3   21
Fitting ff+fb continuum spectra, LOS id= : KT3   12
Fitting ff+fb continuum spectra, LOS id= : KT3   16
Fitting ff+fb continuum spectra, LOS id= : KT3   5
Fitting ff+fb continuum spectra, LOS id= : KT3   15
Fitting ff+fb continuum spectra, LOS id= : KT3   20
Fitting ff+fb continuum spectra, LOS id= : KT3   3
Fitting ff+fb continuum spectra, LOS id= : KT3   8
Fitting ff+fb continuum spectra, LOS id= : KT3   17
Fitting ff+fb continuum spectra, LOS id= : KT3   11
Fitting ff+fb continuum spectra, LOS id= : KT3   10
Fitting ff+fb continuum spectra, LOS id= : KT3   1
Fitting ff+fb continuum spectra, LOS id= : KT3   13
Fitting ff+fb continuum spectra, LOS id= : KT3   9
Ionization/recombination, LOS id= : KT3   7
Ionization/recombination, LOS id= : KT3   14
Ionization/recombination, LOS id= : KT3   2
Ionization/recombination, LOS id= : KT3   19
Ionization/recombination, LOS id= : KT3   18
Ionization/recombination, LOS id= : KT3   6
Ionization/recombination, LOS id= : KT3   22
Ionization/recombination, LOS id= : KT3   4
Ionization/recombination, LOS id= : KT3   21
Ionization/recombination, LOS id= : KT3   12
Ionization/recombination, LOS id= : KT3   16
Ionization/recombination, LOS id= : KT3   5
Ionization/recombination, LOS id= : KT3   15
Ionization/recombination, LOS id= : KT3   20
Ionization/recombination, LOS id= : KT3   3
Ionization/recombination, LOS id= : KT3   8
Ionization/recombination, LOS id= : KT3   17
Ionization/recombination, LOS id= : KT3   11
Ionization/recombination, LOS id= : KT3   10
Ionization/recombination, LOS id= : KT3   1
Ionization/recombination, LOS id= : KT3   13
Ionization/recombination, LOS id= : KT3   9
Saving cherab_bridge synthetic diagnostic data to: /work/bloman/pyproc/bloman_cmg_catalog_edge2d_jet_81472_aug0918_seq#1/cherab_refl.synth_diag.json
