
Error: eBadXPPATH: Bad value for XPPATH (/usr/local/exelis/idl84/resource/xprinter)

% Error opening printer.
Process Process-3:
Traceback (most recent call last):
  File "/usr/local/depot/Python-3.5.1/lib/python3.5/multiprocessing/process.py", line 254, in _bootstrap
    self.run()
  File "/usr/local/depot/Python-3.5.1/lib/python3.5/multiprocessing/process.py", line 93, in run
    self._target(*self._args, **self._kwargs)
  File "/home/bloman/cherab/raysect/raysect/core/workflow.py", line 192, in _worker
    result = render(task, *args, **kwargs)
  File "raysect/optical/observer/base/observer.pyx", line 363, in raysect.optical.observer.base.observer._ObserverBase._render_pixel (raysect/optical/observer/base/observer.c:8360)
  File "raysect/optical/observer/base/observer.pyx", line 407, in raysect.optical.observer.base.observer._ObserverBase._render_pixel (raysect/optical/observer/base/observer.c:8103)
  File "raysect/optical/ray.pyx", line 351, in raysect.optical.ray.Ray.trace (raysect/optical/ray.c:7380)
  File "raysect/optical/ray.pyx", line 365, in raysect.optical.ray.Ray._sample_surface (raysect/optical/ray.c:7661)
  File "raysect/optical/material/material.pyx", line 144, in raysect.optical.material.material.NullSurface.evaluate_surface (raysect/optical/material/material.c:5211)
  File "raysect/optical/ray.pyx", line 351, in raysect.optical.ray.Ray.trace (raysect/optical/ray.c:7380)
  File "raysect/optical/ray.pyx", line 365, in raysect.optical.ray.Ray._sample_surface (raysect/optical/ray.c:7661)
  File "raysect/optical/material/material.pyx", line 342, in raysect.optical.material.material.ContinuousBSDF.evaluate_surface (raysect/optical/material/material.c:7464)
  File "raysect/optical/material/conductor.pyx", line 253, in raysect.optical.material.conductor.RoughConductor.evaluate_shading (raysect/optical/material/conductor.c:7011)
  File "raysect/optical/ray.pyx", line 351, in raysect.optical.ray.Ray.trace (raysect/optical/ray.c:7380)
  File "raysect/optical/ray.pyx", line 365, in raysect.optical.ray.Ray._sample_surface (raysect/optical/ray.c:7661)
  File "raysect/optical/material/material.pyx", line 144, in raysect.optical.material.material.NullSurface.evaluate_surface (raysect/optical/material/material.c:5211)
  File "raysect/optical/ray.pyx", line 351, in raysect.optical.ray.Ray.trace (raysect/optical/ray.c:7380)
  File "raysect/optical/ray.pyx", line 365, in raysect.optical.ray.Ray._sample_surface (raysect/optical/ray.c:7661)
  File "raysect/optical/material/material.pyx", line 342, in raysect.optical.material.material.ContinuousBSDF.evaluate_surface (raysect/optical/material/material.c:7464)
  File "raysect/optical/material/conductor.pyx", line 253, in raysect.optical.material.conductor.RoughConductor.evaluate_shading (raysect/optical/material/conductor.c:7011)
  File "raysect/optical/ray.pyx", line 351, in raysect.optical.ray.Ray.trace (raysect/optical/ray.c:7380)
  File "raysect/optical/ray.pyx", line 365, in raysect.optical.ray.Ray._sample_surface (raysect/optical/ray.c:7661)
  File "raysect/optical/material/material.pyx", line 144, in raysect.optical.material.material.NullSurface.evaluate_surface (raysect/optical/material/material.c:5211)
  File "raysect/optical/ray.pyx", line 351, in raysect.optical.ray.Ray.trace (raysect/optical/ray.c:7380)
  File "raysect/optical/ray.pyx", line 365, in raysect.optical.ray.Ray._sample_surface (raysect/optical/ray.c:7661)
  File "raysect/optical/material/material.pyx", line 342, in raysect.optical.material.material.ContinuousBSDF.evaluate_surface (raysect/optical/material/material.c:7464)
  File "raysect/optical/material/conductor.pyx", line 253, in raysect.optical.material.conductor.RoughConductor.evaluate_shading (raysect/optical/material/conductor.c:7011)
  File "raysect/optical/ray.pyx", line 351, in raysect.optical.ray.Ray.trace (raysect/optical/ray.c:7380)
  File "raysect/optical/ray.pyx", line 365, in raysect.optical.ray.Ray._sample_surface (raysect/optical/ray.c:7661)
  File "raysect/optical/material/material.pyx", line 342, in raysect.optical.material.material.ContinuousBSDF.evaluate_surface (raysect/optical/material/material.c:7464)
  File "raysect/optical/material/conductor.pyx", line 253, in raysect.optical.material.conductor.RoughConductor.evaluate_shading (raysect/optical/material/conductor.c:7011)
  File "raysect/optical/ray.pyx", line 352, in raysect.optical.ray.Ray.trace (raysect/optical/ray.c:7392)
  File "raysect/optical/ray.pyx", line 397, in raysect.optical.ray.Ray._sample_volumes (raysect/optical/ray.c:7893)
  File "raysect/optical/material/emitter/inhomogeneous.pyx", line 199, in raysect.optical.material.emitter.inhomogeneous.InhomogeneousVolumeEmitter.evaluate_volume (raysect/optical/material/emitter/inhomogeneous.c:6073)
  File "raysect/optical/material/emitter/inhomogeneous.pyx", line 205, in raysect.optical.material.emitter.inhomogeneous.InhomogeneousVolumeEmitter.evaluate_volume (raysect/optical/material/emitter/inhomogeneous.c:5914)
  File "raysect/optical/material/emitter/inhomogeneous.pyx", line 161, in raysect.optical.material.emitter.inhomogeneous.NumericalIntegrator.integrate (raysect/optical/material/emitter/inhomogeneous.c:5283)
  File "cherab/core/plasma/material.pyx", line 58, in cherab.core.plasma.material.PlasmaMaterial.emission_function (cherab/core/plasma/material.c:8226)
  File "cherab/core/model/plasma/impact_excitation.pyx", line 59, in cherab.core.model.plasma.impact_excitation.ExcitationLine.emission (cherab/core/model/plasma/impact_excitation.c:8279)
  File "cherab/openadas/rates/pec.pyx", line 45, in cherab.openadas.rates.pec.ImpactExcitationRate.evaluate (cherab/openadas/rates/pec.c:8357)
  File "cherab/core/math/interpolators/interpolators2d.pyx", line 175, in cherab.core.math.interpolators.interpolators2d._Interpolate2DBase.evaluate (cherab/core/math/interpolators/interpolators2d.c:5206)
ValueError: The specified value (x=5.516789713941299e+16, y=2.5148050785064697) is outside the range of the supplied data and/or extrapolation range: x bounds=(1e+17, 1e+22), y bounds=(0.049999999999999996, 4999.999999999999)
Process Process-2:
Traceback (most recent call last):
  File "/usr/local/depot/Python-3.5.1/lib/python3.5/multiprocessing/process.py", line 254, in _bootstrap
    self.run()
  File "/usr/local/depot/Python-3.5.1/lib/python3.5/multiprocessing/process.py", line 93, in run
    self._target(*self._args, **self._kwargs)
  File "/home/bloman/cherab/raysect/raysect/core/workflow.py", line 192, in _worker
    result = render(task, *args, **kwargs)
  File "raysect/optical/observer/base/observer.pyx", line 363, in raysect.optical.observer.base.observer._ObserverBase._render_pixel (raysect/optical/observer/base/observer.c:8360)
  File "raysect/optical/observer/base/observer.pyx", line 407, in raysect.optical.observer.base.observer._ObserverBase._render_pixel (raysect/optical/observer/base/observer.c:8103)
  File "raysect/optical/ray.pyx", line 351, in raysect.optical.ray.Ray.trace (raysect/optical/ray.c:7380)
  File "raysect/optical/ray.pyx", line 365, in raysect.optical.ray.Ray._sample_surface (raysect/optical/ray.c:7661)
  File "raysect/optical/material/material.pyx", line 144, in raysect.optical.material.material.NullSurface.evaluate_surface (raysect/optical/material/material.c:5211)
  File "raysect/optical/ray.pyx", line 351, in raysect.optical.ray.Ray.trace (raysect/optical/ray.c:7380)
  File "raysect/optical/ray.pyx", line 365, in raysect.optical.ray.Ray._sample_surface (raysect/optical/ray.c:7661)
  File "raysect/optical/material/material.pyx", line 342, in raysect.optical.material.material.ContinuousBSDF.evaluate_surface (raysect/optical/material/material.c:7464)
  File "raysect/optical/material/conductor.pyx", line 253, in raysect.optical.material.conductor.RoughConductor.evaluate_shading (raysect/optical/material/conductor.c:7011)
  File "raysect/optical/ray.pyx", line 351, in raysect.optical.ray.Ray.trace (raysect/optical/ray.c:7380)
  File "raysect/optical/ray.pyx", line 365, in raysect.optical.ray.Ray._sample_surface (raysect/optical/ray.c:7661)
  File "raysect/optical/material/material.pyx", line 342, in raysect.optical.material.material.ContinuousBSDF.evaluate_surface (raysect/optical/material/material.c:7464)
  File "raysect/optical/material/conductor.pyx", line 253, in raysect.optical.material.conductor.RoughConductor.evaluate_shading (raysect/optical/material/conductor.c:7011)
  File "raysect/optical/ray.pyx", line 352, in raysect.optical.ray.Ray.trace (raysect/optical/ray.c:7392)
  File "raysect/optical/ray.pyx", line 397, in raysect.optical.ray.Ray._sample_volumes (raysect/optical/ray.c:7893)
  File "raysect/optical/material/emitter/inhomogeneous.pyx", line 199, in raysect.optical.material.emitter.inhomogeneous.InhomogeneousVolumeEmitter.evaluate_volume (raysect/optical/material/emitter/inhomogeneous.c:6073)
  File "raysect/optical/material/emitter/inhomogeneous.pyx", line 205, in raysect.optical.material.emitter.inhomogeneous.InhomogeneousVolumeEmitter.evaluate_volume (raysect/optical/material/emitter/inhomogeneous.c:5914)
  File "raysect/optical/material/emitter/inhomogeneous.pyx", line 161, in raysect.optical.material.emitter.inhomogeneous.NumericalIntegrator.integrate (raysect/optical/material/emitter/inhomogeneous.c:5283)
  File "cherab/core/plasma/material.pyx", line 58, in cherab.core.plasma.material.PlasmaMaterial.emission_function (cherab/core/plasma/material.c:8226)
  File "cherab/core/model/plasma/impact_excitation.pyx", line 59, in cherab.core.model.plasma.impact_excitation.ExcitationLine.emission (cherab/core/model/plasma/impact_excitation.c:8279)
  File "cherab/openadas/rates/pec.pyx", line 45, in cherab.openadas.rates.pec.ImpactExcitationRate.evaluate (cherab/openadas/rates/pec.c:8357)
  File "cherab/core/math/interpolators/interpolators2d.pyx", line 175, in cherab.core.math.interpolators.interpolators2d._Interpolate2DBase.evaluate (cherab/core/math/interpolators/interpolators2d.c:5206)
ValueError: The specified value (x=9.37900512462766e+16, y=2.5511293411254883) is outside the range of the supplied data and/or extrapolation range: x bounds=(1e+17, 1e+22), y bounds=(0.049999999999999996, 4999.999999999999)
Process Process-5:
Traceback (most recent call last):
  File "/usr/local/depot/Python-3.5.1/lib/python3.5/multiprocessing/process.py", line 254, in _bootstrap
    self.run()
  File "/usr/local/depot/Python-3.5.1/lib/python3.5/multiprocessing/process.py", line 93, in run
    self._target(*self._args, **self._kwargs)
  File "/home/bloman/cherab/raysect/raysect/core/workflow.py", line 192, in _worker
    result = render(task, *args, **kwargs)
  File "raysect/optical/observer/base/observer.pyx", line 363, in raysect.optical.observer.base.observer._ObserverBase._render_pixel (raysect/optical/observer/base/observer.c:8360)
  File "raysect/optical/observer/base/observer.pyx", line 407, in raysect.optical.observer.base.observer._ObserverBase._render_pixel (raysect/optical/observer/base/observer.c:8103)
  File "raysect/optical/ray.pyx", line 351, in raysect.optical.ray.Ray.trace (raysect/optical/ray.c:7380)
  File "raysect/optical/ray.pyx", line 365, in raysect.optical.ray.Ray._sample_surface (raysect/optical/ray.c:7661)
  File "raysect/optical/material/material.pyx", line 144, in raysect.optical.material.material.NullSurface.evaluate_surface (raysect/optical/material/material.c:5211)
  File "raysect/optical/ray.pyx", line 351, in raysect.optical.ray.Ray.trace (raysect/optical/ray.c:7380)
  File "raysect/optical/ray.pyx", line 365, in raysect.optical.ray.Ray._sample_surface (raysect/optical/ray.c:7661)
  File "raysect/optical/material/material.pyx", line 342, in raysect.optical.material.material.ContinuousBSDF.evaluate_surface (raysect/optical/material/material.c:7464)
  File "raysect/optical/material/conductor.pyx", line 253, in raysect.optical.material.conductor.RoughConductor.evaluate_shading (raysect/optical/material/conductor.c:7011)
  File "raysect/optical/ray.pyx", line 351, in raysect.optical.ray.Ray.trace (raysect/optical/ray.c:7380)
  File "raysect/optical/ray.pyx", line 365, in raysect.optical.ray.Ray._sample_surface (raysect/optical/ray.c:7661)
  File "raysect/optical/material/material.pyx", line 144, in raysect.optical.material.material.NullSurface.evaluate_surface (raysect/optical/material/material.c:5211)
  File "raysect/optical/ray.pyx", line 351, in raysect.optical.ray.Ray.trace (raysect/optical/ray.c:7380)
  File "raysect/optical/ray.pyx", line 365, in raysect.optical.ray.Ray._sample_surface (raysect/optical/ray.c:7661)
  File "raysect/optical/material/material.pyx", line 342, in raysect.optical.material.material.ContinuousBSDF.evaluate_surface (raysect/optical/material/material.c:7464)
  File "raysect/optical/material/conductor.pyx", line 253, in raysect.optical.material.conductor.RoughConductor.evaluate_shading (raysect/optical/material/conductor.c:7011)
  File "raysect/optical/ray.pyx", line 351, in raysect.optical.ray.Ray.trace (raysect/optical/ray.c:7380)
  File "raysect/optical/ray.pyx", line 365, in raysect.optical.ray.Ray._sample_surface (raysect/optical/ray.c:7661)
  File "raysect/optical/material/material.pyx", line 144, in raysect.optical.material.material.NullSurface.evaluate_surface (raysect/optical/material/material.c:5211)
  File "raysect/optical/ray.pyx", line 351, in raysect.optical.ray.Ray.trace (raysect/optical/ray.c:7380)
  File "raysect/optical/ray.pyx", line 365, in raysect.optical.ray.Ray._sample_surface (raysect/optical/ray.c:7661)
  File "raysect/optical/material/material.pyx", line 342, in raysect.optical.material.material.ContinuousBSDF.evaluate_surface (raysect/optical/material/material.c:7464)
  File "raysect/optical/material/conductor.pyx", line 253, in raysect.optical.material.conductor.RoughConductor.evaluate_shading (raysect/optical/material/conductor.c:7011)
  File "raysect/optical/ray.pyx", line 351, in raysect.optical.ray.Ray.trace (raysect/optical/ray.c:7380)
  File "raysect/optical/ray.pyx", line 365, in raysect.optical.ray.Ray._sample_surface (raysect/optical/ray.c:7661)
  File "raysect/optical/material/material.pyx", line 342, in raysect.optical.material.material.ContinuousBSDF.evaluate_surface (raysect/optical/material/material.c:7464)
  File "raysect/optical/material/conductor.pyx", line 253, in raysect.optical.material.conductor.RoughConductor.evaluate_shading (raysect/optical/material/conductor.c:7011)
  File "raysect/optical/ray.pyx", line 351, in raysect.optical.ray.Ray.trace (raysect/optical/ray.c:7380)
  File "raysect/optical/ray.pyx", line 365, in raysect.optical.ray.Ray._sample_surface (raysect/optical/ray.c:7661)
  File "raysect/optical/material/material.pyx", line 342, in raysect.optical.material.material.ContinuousBSDF.evaluate_surface (raysect/optical/material/material.c:7464)
  File "raysect/optical/material/conductor.pyx", line 253, in raysect.optical.material.conductor.RoughConductor.evaluate_shading (raysect/optical/material/conductor.c:7011)
  File "raysect/optical/ray.pyx", line 351, in raysect.optical.ray.Ray.trace (raysect/optical/ray.c:7380)
  File "raysect/optical/ray.pyx", line 365, in raysect.optical.ray.Ray._sample_surface (raysect/optical/ray.c:7661)
  File "raysect/optical/material/material.pyx", line 342, in raysect.optical.material.material.ContinuousBSDF.evaluate_surface (raysect/optical/material/material.c:7464)
  File "raysect/optical/material/conductor.pyx", line 253, in raysect.optical.material.conductor.RoughConductor.evaluate_shading (raysect/optical/material/conductor.c:7011)
  File "raysect/optical/ray.pyx", line 352, in raysect.optical.ray.Ray.trace (raysect/optical/ray.c:7392)
  File "raysect/optical/ray.pyx", line 397, in raysect.optical.ray.Ray._sample_volumes (raysect/optical/ray.c:7893)
  File "raysect/optical/material/emitter/inhomogeneous.pyx", line 199, in raysect.optical.material.emitter.inhomogeneous.InhomogeneousVolumeEmitter.evaluate_volume (raysect/optical/material/emitter/inhomogeneous.c:6073)
  File "raysect/optical/material/emitter/inhomogeneous.pyx", line 205, in raysect.optical.material.emitter.inhomogeneous.InhomogeneousVolumeEmitter.evaluate_volume (raysect/optical/material/emitter/inhomogeneous.c:5914)
  File "raysect/optical/material/emitter/inhomogeneous.pyx", line 161, in raysect.optical.material.emitter.inhomogeneous.NumericalIntegrator.integrate (raysect/optical/material/emitter/inhomogeneous.c:5283)
  File "cherab/core/plasma/material.pyx", line 58, in cherab.core.plasma.material.PlasmaMaterial.emission_function (cherab/core/plasma/material.c:8226)
  File "cherab/core/model/plasma/impact_excitation.pyx", line 59, in cherab.core.model.plasma.impact_excitation.ExcitationLine.emission (cherab/core/model/plasma/impact_excitation.c:8279)
  File "cherab/openadas/rates/pec.pyx", line 45, in cherab.openadas.rates.pec.ImpactExcitationRate.evaluate (cherab/openadas/rates/pec.c:8357)
  File "cherab/core/math/interpolators/interpolators2d.pyx", line 175, in cherab.core.math.interpolators.interpolators2d._Interpolate2DBase.evaluate (cherab/core/math/interpolators/interpolators2d.c:5206)
ValueError: The specified value (x=3.5847908028841984e+16, y=2.500175952911377) is outside the range of the supplied data and/or extrapolation range: x bounds=(1e+17, 1e+22), y bounds=(0.049999999999999996, 4999.999999999999)
Process Process-4:
Traceback (most recent call last):
  File "/usr/local/depot/Python-3.5.1/lib/python3.5/multiprocessing/process.py", line 254, in _bootstrap
    self.run()
  File "/usr/local/depot/Python-3.5.1/lib/python3.5/multiprocessing/process.py", line 93, in run
    self._target(*self._args, **self._kwargs)
  File "/home/bloman/cherab/raysect/raysect/core/workflow.py", line 192, in _worker
    result = render(task, *args, **kwargs)
  File "raysect/optical/observer/base/observer.pyx", line 363, in raysect.optical.observer.base.observer._ObserverBase._render_pixel (raysect/optical/observer/base/observer.c:8360)
  File "raysect/optical/observer/base/observer.pyx", line 407, in raysect.optical.observer.base.observer._ObserverBase._render_pixel (raysect/optical/observer/base/observer.c:8103)
  File "raysect/optical/ray.pyx", line 351, in raysect.optical.ray.Ray.trace (raysect/optical/ray.c:7380)
  File "raysect/optical/ray.pyx", line 365, in raysect.optical.ray.Ray._sample_surface (raysect/optical/ray.c:7661)
  File "raysect/optical/material/material.pyx", line 144, in raysect.optical.material.material.NullSurface.evaluate_surface (raysect/optical/material/material.c:5211)
  File "raysect/optical/ray.pyx", line 351, in raysect.optical.ray.Ray.trace (raysect/optical/ray.c:7380)
  File "raysect/optical/ray.pyx", line 365, in raysect.optical.ray.Ray._sample_surface (raysect/optical/ray.c:7661)
  File "raysect/optical/material/material.pyx", line 342, in raysect.optical.material.material.ContinuousBSDF.evaluate_surface (raysect/optical/material/material.c:7464)
  File "raysect/optical/material/conductor.pyx", line 253, in raysect.optical.material.conductor.RoughConductor.evaluate_shading (raysect/optical/material/conductor.c:7011)
  File "raysect/optical/ray.pyx", line 351, in raysect.optical.ray.Ray.trace (raysect/optical/ray.c:7380)
  File "raysect/optical/ray.pyx", line 365, in raysect.optical.ray.Ray._sample_surface (raysect/optical/ray.c:7661)
  File "raysect/optical/material/material.pyx", line 342, in raysect.optical.material.material.ContinuousBSDF.evaluate_surface (raysect/optical/material/material.c:7464)
  File "raysect/optical/material/conductor.pyx", line 253, in raysect.optical.material.conductor.RoughConductor.evaluate_shading (raysect/optical/material/conductor.c:7011)
  File "raysect/optical/ray.pyx", line 351, in raysect.optical.ray.Ray.trace (raysect/optical/ray.c:7380)
  File "raysect/optical/ray.pyx", line 365, in raysect.optical.ray.Ray._sample_surface (raysect/optical/ray.c:7661)
  File "raysect/optical/material/material.pyx", line 342, in raysect.optical.material.material.ContinuousBSDF.evaluate_surface (raysect/optical/material/material.c:7464)
  File "raysect/optical/material/conductor.pyx", line 253, in raysect.optical.material.conductor.RoughConductor.evaluate_shading (raysect/optical/material/conductor.c:7011)
  File "raysect/optical/ray.pyx", line 352, in raysect.optical.ray.Ray.trace (raysect/optical/ray.c:7392)
  File "raysect/optical/ray.pyx", line 397, in raysect.optical.ray.Ray._sample_volumes (raysect/optical/ray.c:7893)
  File "raysect/optical/material/emitter/inhomogeneous.pyx", line 199, in raysect.optical.material.emitter.inhomogeneous.InhomogeneousVolumeEmitter.evaluate_volume (raysect/optical/material/emitter/inhomogeneous.c:6073)
  File "raysect/optical/material/emitter/inhomogeneous.pyx", line 205, in raysect.optical.material.emitter.inhomogeneous.InhomogeneousVolumeEmitter.evaluate_volume (raysect/optical/material/emitter/inhomogeneous.c:5914)
  File "raysect/optical/material/emitter/inhomogeneous.pyx", line 161, in raysect.optical.material.emitter.inhomogeneous.NumericalIntegrator.integrate (raysect/optical/material/emitter/inhomogeneous.c:5283)
  File "cherab/core/plasma/material.pyx", line 58, in cherab.core.plasma.material.PlasmaMaterial.emission_function (cherab/core/plasma/material.c:8226)
  File "cherab/core/model/plasma/impact_excitation.pyx", line 59, in cherab.core.model.plasma.impact_excitation.ExcitationLine.emission (cherab/core/model/plasma/impact_excitation.c:8279)
  File "cherab/openadas/rates/pec.pyx", line 45, in cherab.openadas.rates.pec.ImpactExcitationRate.evaluate (cherab/openadas/rates/pec.c:8357)
  File "cherab/core/math/interpolators/interpolators2d.pyx", line 175, in cherab.core.math.interpolators.interpolators2d._Interpolate2DBase.evaluate (cherab/core/math/interpolators/interpolators2d.c:5206)
ValueError: The specified value (x=3.5847908028841984e+16, y=2.500175952911377) is outside the range of the supplied data and/or extrapolation range: x bounds=(1e+17, 1e+22), y bounds=(0.049999999999999996, 4999.999999999999)
